2025-08-09 16:18:25,423 - promobit_analyzer - INFO - Iniciando an치lise do site Promobit...
2025-08-09 16:18:25,424 - asyncio - DEBUG - Using proactor: IocpProactor
2025-08-09 16:18:25,425 - promobit_analyzer - INFO - 
================================================================================
2025-08-09 16:18:25,425 - promobit_analyzer - INFO - ANALISANDO: https://www.promobit.com.br/ofertas/informatica/
2025-08-09 16:18:25,425 - promobit_analyzer - INFO - ================================================================================
2025-08-09 16:18:25,425 - promobit_analyzer - INFO - Buscando URL: https://www.promobit.com.br/ofertas/informatica/
2025-08-09 16:18:25,627 - promobit_analyzer - ERROR - Erro ao buscar a p치gina: 404, message='Not Found', url='https://www.promobit.com.br/ofertas/informatica/'
2025-08-09 16:18:27,642 - promobit_analyzer - INFO - 
================================================================================
2025-08-09 16:18:27,642 - promobit_analyzer - INFO - ANALISANDO: https://www.promobit.com.br/ofertas/celulares/
2025-08-09 16:18:27,643 - promobit_analyzer - INFO - ================================================================================
2025-08-09 16:18:27,643 - promobit_analyzer - INFO - Buscando URL: https://www.promobit.com.br/ofertas/celulares/
2025-08-09 16:18:27,747 - promobit_analyzer - ERROR - Erro ao buscar a p치gina: 404, message='Not Found', url='https://www.promobit.com.br/ofertas/celulares/'
2025-08-09 16:18:29,758 - promobit_analyzer - INFO - 
================================================================================
2025-08-09 16:18:29,759 - promobit_analyzer - INFO - ANALISANDO: https://www.promobit.com.br/ofertas/games/
2025-08-09 16:18:29,759 - promobit_analyzer - INFO - ================================================================================
2025-08-09 16:18:29,759 - promobit_analyzer - INFO - Buscando URL: https://www.promobit.com.br/ofertas/games/
2025-08-09 16:18:29,872 - promobit_analyzer - ERROR - Erro ao buscar a p치gina: 404, message='Not Found', url='https://www.promobit.com.br/ofertas/games/'
