2025-08-10 19:18:45,554 - __main__ - INFO - Iniciando o bot de eco...
2025-08-10 19:18:46,295 - __main__ - INFO - Aplicação do bot criada com sucesso!
2025-08-10 19:18:46,295 - __main__ - INFO - Iniciando o bot...
2025-08-10 19:18:47,042 - httpx - INFO - HTTP Request: POST https://api.telegram.org/bot8478680741:AAHguaQAL1bTDTqr3AQke1BqAqLeiv1TXnQ/getMe "HTTP/1.1 200 OK"
2025-08-10 19:18:47,256 - httpx - INFO - HTTP Request: POST https://api.telegram.org/bot8478680741:AAHguaQAL1bTDTqr3AQke1BqAqLeiv1TXnQ/deleteWebhook "HTTP/1.1 200 OK"
2025-08-10 19:18:47,257 - apscheduler.scheduler - INFO - Scheduler started
2025-08-10 19:18:47,258 - telegram.ext.Application - INFO - Application started
2025-08-10 19:18:57,888 - httpx - INFO - HTTP Request: POST https://api.telegram.org/bot8478680741:AAHguaQAL1bTDTqr3AQke1BqAqLeiv1TXnQ/getUpdates "HTTP/1.1 200 OK"
2025-08-10 19:19:08,099 - httpx - INFO - HTTP Request: POST https://api.telegram.org/bot8478680741:AAHguaQAL1bTDTqr3AQke1BqAqLeiv1TXnQ/getUpdates "HTTP/1.1 200 OK"
2025-08-10 19:21:43,718 - __main__ - INFO - Iniciando o bot de eco...
2025-08-10 19:21:44,449 - __main__ - INFO - Aplicação do bot criada com sucesso!
2025-08-10 19:21:44,449 - __main__ - INFO - Iniciando o bot...
2025-08-10 19:21:45,206 - httpx - INFO - HTTP Request: POST https://api.telegram.org/bot8478680741:AAHguaQAL1bTDTqr3AQke1BqAqLeiv1TXnQ/getMe "HTTP/1.1 200 OK"
2025-08-10 19:21:45,420 - httpx - INFO - HTTP Request: POST https://api.telegram.org/bot8478680741:AAHguaQAL1bTDTqr3AQke1BqAqLeiv1TXnQ/deleteWebhook "HTTP/1.1 200 OK"
2025-08-10 19:21:45,421 - apscheduler.scheduler - INFO - Scheduler started
2025-08-10 19:21:45,421 - telegram.ext.Application - INFO - Application started
2025-08-10 19:21:56,066 - httpx - INFO - HTTP Request: POST https://api.telegram.org/bot8478680741:AAHguaQAL1bTDTqr3AQke1BqAqLeiv1TXnQ/getUpdates "HTTP/1.1 200 OK"
2025-08-10 19:22:31,867 - __main__ - INFO - Iniciando o bot de eco...
2025-08-10 19:22:32,604 - __main__ - INFO - Aplicação do bot criada com sucesso!
2025-08-10 19:22:32,604 - __main__ - INFO - Iniciando o bot...
2025-08-10 19:22:33,305 - httpx - INFO - HTTP Request: POST https://api.telegram.org/bot8478680741:AAHguaQAL1bTDTqr3AQke1BqAqLeiv1TXnQ/getMe "HTTP/1.1 200 OK"
2025-08-10 19:22:33,519 - httpx - INFO - HTTP Request: POST https://api.telegram.org/bot8478680741:AAHguaQAL1bTDTqr3AQke1BqAqLeiv1TXnQ/deleteWebhook "HTTP/1.1 200 OK"
2025-08-10 19:22:33,520 - apscheduler.scheduler - INFO - Scheduler started
2025-08-10 19:22:33,521 - telegram.ext.Application - INFO - Application started
2025-08-10 19:22:44,155 - httpx - INFO - HTTP Request: POST https://api.telegram.org/bot8478680741:AAHguaQAL1bTDTqr3AQke1BqAqLeiv1TXnQ/getUpdates "HTTP/1.1 200 OK"
2025-08-10 19:22:54,366 - httpx - INFO - HTTP Request: POST https://api.telegram.org/bot8478680741:AAHguaQAL1bTDTqr3AQke1BqAqLeiv1TXnQ/getUpdates "HTTP/1.1 200 OK"
2025-08-10 19:23:04,577 - httpx - INFO - HTTP Request: POST https://api.telegram.org/bot8478680741:AAHguaQAL1bTDTqr3AQke1BqAqLeiv1TXnQ/getUpdates "HTTP/1.1 200 OK"
2025-08-10 19:23:14,789 - httpx - INFO - HTTP Request: POST https://api.telegram.org/bot8478680741:AAHguaQAL1bTDTqr3AQke1BqAqLeiv1TXnQ/getUpdates "HTTP/1.1 200 OK"
2025-08-10 19:23:25,000 - httpx - INFO - HTTP Request: POST https://api.telegram.org/bot8478680741:AAHguaQAL1bTDTqr3AQke1BqAqLeiv1TXnQ/getUpdates "HTTP/1.1 200 OK"
2025-08-10 19:23:34,672 - __main__ - INFO - Iniciando o bot de eco...
2025-08-10 19:23:35,439 - __main__ - INFO - Aplicação do bot criada com sucesso!
2025-08-10 19:23:35,439 - __main__ - INFO - Iniciando o bot...
2025-08-10 19:23:36,161 - httpx - INFO - HTTP Request: POST https://api.telegram.org/bot8478680741:AAHguaQAL1bTDTqr3AQke1BqAqLeiv1TXnQ/getMe "HTTP/1.1 200 OK"
2025-08-10 19:23:36,379 - httpx - INFO - HTTP Request: POST https://api.telegram.org/bot8478680741:AAHguaQAL1bTDTqr3AQke1BqAqLeiv1TXnQ/deleteWebhook "HTTP/1.1 200 OK"
2025-08-10 19:23:36,381 - apscheduler.scheduler - INFO - Scheduler started
2025-08-10 19:23:36,382 - telegram.ext.Application - INFO - Application started
2025-08-10 19:23:47,032 - httpx - INFO - HTTP Request: POST https://api.telegram.org/bot8478680741:AAHguaQAL1bTDTqr3AQke1BqAqLeiv1TXnQ/getUpdates "HTTP/1.1 200 OK"
2025-08-10 19:23:57,248 - httpx - INFO - HTTP Request: POST https://api.telegram.org/bot8478680741:AAHguaQAL1bTDTqr3AQke1BqAqLeiv1TXnQ/getUpdates "HTTP/1.1 200 OK"
2025-08-10 19:24:37,011 - __main__ - INFO - Iniciando o bot de eco...
2025-08-10 19:24:37,733 - __main__ - INFO - Aplicação do bot criada com sucesso!
2025-08-10 19:24:37,734 - __main__ - INFO - Iniciando o bot...
2025-08-10 19:24:38,435 - httpx - INFO - HTTP Request: POST https://api.telegram.org/bot8478680741:AAHguaQAL1bTDTqr3AQke1BqAqLeiv1TXnQ/getMe "HTTP/1.1 200 OK"
2025-08-10 19:24:38,646 - httpx - INFO - HTTP Request: POST https://api.telegram.org/bot8478680741:AAHguaQAL1bTDTqr3AQke1BqAqLeiv1TXnQ/deleteWebhook "HTTP/1.1 200 OK"
2025-08-10 19:24:38,647 - apscheduler.scheduler - INFO - Scheduler started
2025-08-10 19:24:38,648 - telegram.ext.Application - INFO - Application started
2025-08-10 19:24:49,304 - httpx - INFO - HTTP Request: POST https://api.telegram.org/bot8478680741:AAHguaQAL1bTDTqr3AQke1BqAqLeiv1TXnQ/getUpdates "HTTP/1.1 200 OK"
2025-08-10 19:24:59,521 - httpx - INFO - HTTP Request: POST https://api.telegram.org/bot8478680741:AAHguaQAL1bTDTqr3AQke1BqAqLeiv1TXnQ/getUpdates "HTTP/1.1 200 OK"
2025-08-10 19:29:57,261 - __main__ - INFO - Iniciando o bot de eco...
2025-08-10 19:29:57,980 - __main__ - INFO - Aplicação do bot criada com sucesso!
2025-08-10 19:29:57,981 - __main__ - INFO - Iniciando o bot...
2025-08-10 19:29:58,703 - httpx - INFO - HTTP Request: POST https://api.telegram.org/bot8478680741:AAHguaQAL1bTDTqr3AQke1BqAqLeiv1TXnQ/getMe "HTTP/1.1 200 OK"
2025-08-10 19:29:58,919 - httpx - INFO - HTTP Request: POST https://api.telegram.org/bot8478680741:AAHguaQAL1bTDTqr3AQke1BqAqLeiv1TXnQ/deleteWebhook "HTTP/1.1 200 OK"
2025-08-10 19:29:58,920 - apscheduler.scheduler - INFO - Scheduler started
2025-08-10 19:29:58,920 - telegram.ext.Application - INFO - Application started
2025-08-10 19:30:09,569 - httpx - INFO - HTTP Request: POST https://api.telegram.org/bot8478680741:AAHguaQAL1bTDTqr3AQke1BqAqLeiv1TXnQ/getUpdates "HTTP/1.1 200 OK"
2025-08-10 19:30:19,783 - httpx - INFO - HTTP Request: POST https://api.telegram.org/bot8478680741:AAHguaQAL1bTDTqr3AQke1BqAqLeiv1TXnQ/getUpdates "HTTP/1.1 200 OK"
2025-08-10 19:30:55,637 - __main__ - INFO - Iniciando o bot de eco...
2025-08-10 19:30:56,345 - __main__ - INFO - Aplicação do bot criada com sucesso!
2025-08-10 19:30:56,346 - __main__ - INFO - Iniciando o bot...
2025-08-10 19:30:57,050 - httpx - INFO - HTTP Request: POST https://api.telegram.org/bot8478680741:AAHguaQAL1bTDTqr3AQke1BqAqLeiv1TXnQ/getMe "HTTP/1.1 200 OK"
2025-08-10 19:30:57,266 - httpx - INFO - HTTP Request: POST https://api.telegram.org/bot8478680741:AAHguaQAL1bTDTqr3AQke1BqAqLeiv1TXnQ/deleteWebhook "HTTP/1.1 200 OK"
2025-08-10 19:30:57,267 - apscheduler.scheduler - INFO - Scheduler started
2025-08-10 19:30:57,268 - telegram.ext.Application - INFO - Application started
2025-08-10 19:31:07,907 - httpx - INFO - HTTP Request: POST https://api.telegram.org/bot8478680741:AAHguaQAL1bTDTqr3AQke1BqAqLeiv1TXnQ/getUpdates "HTTP/1.1 200 OK"
2025-08-10 19:31:43,481 - __main__ - INFO - Iniciando o bot de eco...
2025-08-10 19:31:44,188 - __main__ - INFO - Aplicação do bot criada com sucesso!
2025-08-10 19:31:44,188 - __main__ - INFO - Iniciando o bot...
2025-08-10 19:31:44,892 - httpx - INFO - HTTP Request: POST https://api.telegram.org/bot8478680741:AAHguaQAL1bTDTqr3AQke1BqAqLeiv1TXnQ/getMe "HTTP/1.1 200 OK"
2025-08-10 19:31:45,107 - httpx - INFO - HTTP Request: POST https://api.telegram.org/bot8478680741:AAHguaQAL1bTDTqr3AQke1BqAqLeiv1TXnQ/deleteWebhook "HTTP/1.1 200 OK"
2025-08-10 19:31:45,108 - apscheduler.scheduler - INFO - Scheduler started
2025-08-10 19:31:45,108 - telegram.ext.Application - INFO - Application started
2025-08-10 19:31:55,760 - httpx - INFO - HTTP Request: POST https://api.telegram.org/bot8478680741:AAHguaQAL1bTDTqr3AQke1BqAqLeiv1TXnQ/getUpdates "HTTP/1.1 200 OK"
2025-08-10 19:32:05,978 - httpx - INFO - HTTP Request: POST https://api.telegram.org/bot8478680741:AAHguaQAL1bTDTqr3AQke1BqAqLeiv1TXnQ/getUpdates "HTTP/1.1 200 OK"
2025-08-10 19:32:16,196 - httpx - INFO - HTTP Request: POST https://api.telegram.org/bot8478680741:AAHguaQAL1bTDTqr3AQke1BqAqLeiv1TXnQ/getUpdates "HTTP/1.1 200 OK"
2025-08-10 19:32:26,414 - httpx - INFO - HTTP Request: POST https://api.telegram.org/bot8478680741:AAHguaQAL1bTDTqr3AQke1BqAqLeiv1TXnQ/getUpdates "HTTP/1.1 200 OK"
2025-08-10 19:32:36,631 - httpx - INFO - HTTP Request: POST https://api.telegram.org/bot8478680741:AAHguaQAL1bTDTqr3AQke1BqAqLeiv1TXnQ/getUpdates "HTTP/1.1 200 OK"
2025-08-10 19:32:46,848 - httpx - INFO - HTTP Request: POST https://api.telegram.org/bot8478680741:AAHguaQAL1bTDTqr3AQke1BqAqLeiv1TXnQ/getUpdates "HTTP/1.1 200 OK"
2025-08-10 19:32:57,066 - httpx - INFO - HTTP Request: POST https://api.telegram.org/bot8478680741:AAHguaQAL1bTDTqr3AQke1BqAqLeiv1TXnQ/getUpdates "HTTP/1.1 200 OK"
2025-08-10 19:33:07,284 - httpx - INFO - HTTP Request: POST https://api.telegram.org/bot8478680741:AAHguaQAL1bTDTqr3AQke1BqAqLeiv1TXnQ/getUpdates "HTTP/1.1 200 OK"
2025-08-10 19:33:17,501 - httpx - INFO - HTTP Request: POST https://api.telegram.org/bot8478680741:AAHguaQAL1bTDTqr3AQke1BqAqLeiv1TXnQ/getUpdates "HTTP/1.1 200 OK"
2025-08-10 19:33:29,377 - __main__ - INFO - Iniciando o bot de eco...
2025-08-10 19:33:30,097 - __main__ - INFO - Aplicação do bot criada com sucesso!
2025-08-10 19:33:30,097 - __main__ - INFO - Iniciando o bot...
2025-08-10 19:33:30,818 - httpx - INFO - HTTP Request: POST https://api.telegram.org/bot8478680741:AAHguaQAL1bTDTqr3AQke1BqAqLeiv1TXnQ/getMe "HTTP/1.1 200 OK"
2025-08-10 19:33:31,032 - httpx - INFO - HTTP Request: POST https://api.telegram.org/bot8478680741:AAHguaQAL1bTDTqr3AQke1BqAqLeiv1TXnQ/deleteWebhook "HTTP/1.1 200 OK"
2025-08-10 19:33:31,034 - apscheduler.scheduler - INFO - Scheduler started
2025-08-10 19:33:31,034 - telegram.ext.Application - INFO - Application started
2025-08-10 19:33:41,664 - httpx - INFO - HTTP Request: POST https://api.telegram.org/bot8478680741:AAHguaQAL1bTDTqr3AQke1BqAqLeiv1TXnQ/getUpdates "HTTP/1.1 200 OK"
2025-08-10 19:33:51,874 - httpx - INFO - HTTP Request: POST https://api.telegram.org/bot8478680741:AAHguaQAL1bTDTqr3AQke1BqAqLeiv1TXnQ/getUpdates "HTTP/1.1 200 OK"
2025-08-10 19:34:02,085 - httpx - INFO - HTTP Request: POST https://api.telegram.org/bot8478680741:AAHguaQAL1bTDTqr3AQke1BqAqLeiv1TXnQ/getUpdates "HTTP/1.1 200 OK"
2025-08-10 19:34:12,295 - httpx - INFO - HTTP Request: POST https://api.telegram.org/bot8478680741:AAHguaQAL1bTDTqr3AQke1BqAqLeiv1TXnQ/getUpdates "HTTP/1.1 200 OK"
2025-08-10 19:34:22,505 - httpx - INFO - HTTP Request: POST https://api.telegram.org/bot8478680741:AAHguaQAL1bTDTqr3AQke1BqAqLeiv1TXnQ/getUpdates "HTTP/1.1 200 OK"
2025-08-10 19:34:39,225 - __main__ - INFO - Iniciando o bot de eco...
2025-08-10 19:34:40,004 - __main__ - INFO - Aplicação do bot criada com sucesso!
2025-08-10 19:34:40,005 - __main__ - INFO - Iniciando o bot...
2025-08-10 19:34:40,715 - httpx - INFO - HTTP Request: POST https://api.telegram.org/bot8478680741:AAHguaQAL1bTDTqr3AQke1BqAqLeiv1TXnQ/getMe "HTTP/1.1 200 OK"
2025-08-10 19:34:40,930 - httpx - INFO - HTTP Request: POST https://api.telegram.org/bot8478680741:AAHguaQAL1bTDTqr3AQke1BqAqLeiv1TXnQ/deleteWebhook "HTTP/1.1 200 OK"
2025-08-10 19:34:40,932 - apscheduler.scheduler - INFO - Scheduler started
2025-08-10 19:34:40,932 - telegram.ext.Application - INFO - Application started
2025-08-10 19:34:51,564 - httpx - INFO - HTTP Request: POST https://api.telegram.org/bot8478680741:AAHguaQAL1bTDTqr3AQke1BqAqLeiv1TXnQ/getUpdates "HTTP/1.1 200 OK"
2025-08-10 19:35:01,774 - httpx - INFO - HTTP Request: POST https://api.telegram.org/bot8478680741:AAHguaQAL1bTDTqr3AQke1BqAqLeiv1TXnQ/getUpdates "HTTP/1.1 200 OK"
2025-08-10 19:35:11,987 - httpx - INFO - HTTP Request: POST https://api.telegram.org/bot8478680741:AAHguaQAL1bTDTqr3AQke1BqAqLeiv1TXnQ/getUpdates "HTTP/1.1 200 OK"
2025-08-10 19:35:22,198 - httpx - INFO - HTTP Request: POST https://api.telegram.org/bot8478680741:AAHguaQAL1bTDTqr3AQke1BqAqLeiv1TXnQ/getUpdates "HTTP/1.1 200 OK"
2025-08-10 19:35:32,411 - httpx - INFO - HTTP Request: POST https://api.telegram.org/bot8478680741:AAHguaQAL1bTDTqr3AQke1BqAqLeiv1TXnQ/getUpdates "HTTP/1.1 200 OK"
2025-08-10 19:38:49,360 - __main__ - INFO - Iniciando o bot de eco...
2025-08-10 19:38:50,071 - __main__ - INFO - Aplicação do bot criada com sucesso!
2025-08-10 19:38:50,071 - __main__ - INFO - Iniciando o bot...
2025-08-10 19:38:50,822 - httpx - INFO - HTTP Request: POST https://api.telegram.org/bot8478680741:AAHguaQAL1bTDTqr3AQke1BqAqLeiv1TXnQ/getMe "HTTP/1.1 200 OK"
2025-08-10 19:38:51,035 - httpx - INFO - HTTP Request: POST https://api.telegram.org/bot8478680741:AAHguaQAL1bTDTqr3AQke1BqAqLeiv1TXnQ/deleteWebhook "HTTP/1.1 200 OK"
2025-08-10 19:38:51,037 - apscheduler.scheduler - INFO - Scheduler started
2025-08-10 19:38:51,037 - telegram.ext.Application - INFO - Application started
2025-08-10 19:39:01,670 - httpx - INFO - HTTP Request: POST https://api.telegram.org/bot8478680741:AAHguaQAL1bTDTqr3AQke1BqAqLeiv1TXnQ/getUpdates "HTTP/1.1 200 OK"
2025-08-10 19:39:11,881 - httpx - INFO - HTTP Request: POST https://api.telegram.org/bot8478680741:AAHguaQAL1bTDTqr3AQke1BqAqLeiv1TXnQ/getUpdates "HTTP/1.1 200 OK"
2025-08-10 19:39:22,093 - httpx - INFO - HTTP Request: POST https://api.telegram.org/bot8478680741:AAHguaQAL1bTDTqr3AQke1BqAqLeiv1TXnQ/getUpdates "HTTP/1.1 200 OK"
2025-08-10 19:39:36,102 - __main__ - INFO - Iniciando o bot de eco...
2025-08-10 19:39:36,883 - __main__ - INFO - Aplicação do bot criada com sucesso!
2025-08-10 19:39:36,884 - __main__ - INFO - Iniciando o bot...
2025-08-10 19:39:37,601 - httpx - INFO - HTTP Request: POST https://api.telegram.org/bot8478680741:AAHguaQAL1bTDTqr3AQke1BqAqLeiv1TXnQ/getMe "HTTP/1.1 200 OK"
2025-08-10 19:39:37,815 - httpx - INFO - HTTP Request: POST https://api.telegram.org/bot8478680741:AAHguaQAL1bTDTqr3AQke1BqAqLeiv1TXnQ/deleteWebhook "HTTP/1.1 200 OK"
2025-08-10 19:39:37,816 - apscheduler.scheduler - INFO - Scheduler started
2025-08-10 19:39:37,816 - telegram.ext.Application - INFO - Application started
2025-08-10 19:39:48,460 - httpx - INFO - HTTP Request: POST https://api.telegram.org/bot8478680741:AAHguaQAL1bTDTqr3AQke1BqAqLeiv1TXnQ/getUpdates "HTTP/1.1 200 OK"
2025-08-10 19:39:58,675 - httpx - INFO - HTTP Request: POST https://api.telegram.org/bot8478680741:AAHguaQAL1bTDTqr3AQke1BqAqLeiv1TXnQ/getUpdates "HTTP/1.1 200 OK"
2025-08-10 19:40:08,889 - httpx - INFO - HTTP Request: POST https://api.telegram.org/bot8478680741:AAHguaQAL1bTDTqr3AQke1BqAqLeiv1TXnQ/getUpdates "HTTP/1.1 200 OK"
2025-08-10 19:40:19,107 - httpx - INFO - HTTP Request: POST https://api.telegram.org/bot8478680741:AAHguaQAL1bTDTqr3AQke1BqAqLeiv1TXnQ/getUpdates "HTTP/1.1 200 OK"
2025-08-10 19:40:29,320 - httpx - INFO - HTTP Request: POST https://api.telegram.org/bot8478680741:AAHguaQAL1bTDTqr3AQke1BqAqLeiv1TXnQ/getUpdates "HTTP/1.1 200 OK"
2025-08-10 19:40:39,535 - httpx - INFO - HTTP Request: POST https://api.telegram.org/bot8478680741:AAHguaQAL1bTDTqr3AQke1BqAqLeiv1TXnQ/getUpdates "HTTP/1.1 200 OK"
2025-08-10 19:40:49,749 - httpx - INFO - HTTP Request: POST https://api.telegram.org/bot8478680741:AAHguaQAL1bTDTqr3AQke1BqAqLeiv1TXnQ/getUpdates "HTTP/1.1 200 OK"
2025-08-10 19:43:38,148 - __main__ - INFO - Iniciando o bot de eco...
2025-08-10 19:43:38,843 - __main__ - INFO - Aplicação do bot criada com sucesso!
2025-08-10 19:43:38,843 - __main__ - INFO - Iniciando o bot...
2025-08-10 19:43:39,600 - httpx - INFO - HTTP Request: POST https://api.telegram.org/bot8478680741:AAHguaQAL1bTDTqr3AQke1BqAqLeiv1TXnQ/getMe "HTTP/1.1 200 OK"
2025-08-10 19:43:39,818 - httpx - INFO - HTTP Request: POST https://api.telegram.org/bot8478680741:AAHguaQAL1bTDTqr3AQke1BqAqLeiv1TXnQ/deleteWebhook "HTTP/1.1 200 OK"
2025-08-10 19:43:39,819 - apscheduler.scheduler - INFO - Scheduler started
2025-08-10 19:43:39,819 - telegram.ext.Application - INFO - Application started
2025-08-10 19:43:50,473 - httpx - INFO - HTTP Request: POST https://api.telegram.org/bot8478680741:AAHguaQAL1bTDTqr3AQke1BqAqLeiv1TXnQ/getUpdates "HTTP/1.1 200 OK"
2025-08-10 19:44:00,690 - httpx - INFO - HTTP Request: POST https://api.telegram.org/bot8478680741:AAHguaQAL1bTDTqr3AQke1BqAqLeiv1TXnQ/getUpdates "HTTP/1.1 200 OK"
2025-08-10 19:44:10,909 - httpx - INFO - HTTP Request: POST https://api.telegram.org/bot8478680741:AAHguaQAL1bTDTqr3AQke1BqAqLeiv1TXnQ/getUpdates "HTTP/1.1 200 OK"
2025-08-10 19:44:21,127 - httpx - INFO - HTTP Request: POST https://api.telegram.org/bot8478680741:AAHguaQAL1bTDTqr3AQke1BqAqLeiv1TXnQ/getUpdates "HTTP/1.1 200 OK"
2025-08-10 19:44:31,348 - httpx - INFO - HTTP Request: POST https://api.telegram.org/bot8478680741:AAHguaQAL1bTDTqr3AQke1BqAqLeiv1TXnQ/getUpdates "HTTP/1.1 200 OK"
2025-08-10 19:44:53,294 - __main__ - INFO - Iniciando o bot de eco...
2025-08-10 19:44:54,017 - __main__ - INFO - Aplicação do bot criada com sucesso!
2025-08-10 19:44:54,017 - __main__ - INFO - Iniciando o bot...
2025-08-10 19:44:54,753 - httpx - INFO - HTTP Request: POST https://api.telegram.org/bot8478680741:AAHguaQAL1bTDTqr3AQke1BqAqLeiv1TXnQ/getMe "HTTP/1.1 200 OK"
2025-08-10 19:44:54,968 - httpx - INFO - HTTP Request: POST https://api.telegram.org/bot8478680741:AAHguaQAL1bTDTqr3AQke1BqAqLeiv1TXnQ/deleteWebhook "HTTP/1.1 200 OK"
2025-08-10 19:44:54,970 - apscheduler.scheduler - INFO - Scheduler started
2025-08-10 19:44:54,970 - telegram.ext.Application - INFO - Application started
2025-08-10 19:45:05,601 - httpx - INFO - HTTP Request: POST https://api.telegram.org/bot8478680741:AAHguaQAL1bTDTqr3AQke1BqAqLeiv1TXnQ/getUpdates "HTTP/1.1 200 OK"
2025-08-10 19:45:55,068 - __main__ - INFO - Iniciando o bot de eco...
2025-08-10 19:45:55,758 - __main__ - INFO - Aplicação do bot criada com sucesso!
2025-08-10 19:45:55,758 - __main__ - INFO - Iniciando o bot...
2025-08-10 19:45:56,454 - httpx - INFO - HTTP Request: POST https://api.telegram.org/bot8478680741:AAHguaQAL1bTDTqr3AQke1BqAqLeiv1TXnQ/getMe "HTTP/1.1 200 OK"
2025-08-10 19:45:56,668 - httpx - INFO - HTTP Request: POST https://api.telegram.org/bot8478680741:AAHguaQAL1bTDTqr3AQke1BqAqLeiv1TXnQ/deleteWebhook "HTTP/1.1 200 OK"
2025-08-10 19:45:56,669 - apscheduler.scheduler - INFO - Scheduler started
2025-08-10 19:45:56,669 - telegram.ext.Application - INFO - Application started
2025-08-10 19:46:07,300 - httpx - INFO - HTTP Request: POST https://api.telegram.org/bot8478680741:AAHguaQAL1bTDTqr3AQke1BqAqLeiv1TXnQ/getUpdates "HTTP/1.1 200 OK"
2025-08-10 19:46:17,510 - httpx - INFO - HTTP Request: POST https://api.telegram.org/bot8478680741:AAHguaQAL1bTDTqr3AQke1BqAqLeiv1TXnQ/getUpdates "HTTP/1.1 200 OK"
2025-08-10 19:46:45,084 - __main__ - INFO - Iniciando o bot de eco...
2025-08-10 19:46:45,844 - __main__ - INFO - Aplicação do bot criada com sucesso!
2025-08-10 19:46:45,845 - __main__ - INFO - Iniciando o bot...
2025-08-10 19:46:46,565 - httpx - INFO - HTTP Request: POST https://api.telegram.org/bot8478680741:AAHguaQAL1bTDTqr3AQke1BqAqLeiv1TXnQ/getMe "HTTP/1.1 200 OK"
2025-08-10 19:46:46,776 - httpx - INFO - HTTP Request: POST https://api.telegram.org/bot8478680741:AAHguaQAL1bTDTqr3AQke1BqAqLeiv1TXnQ/deleteWebhook "HTTP/1.1 200 OK"
2025-08-10 19:46:46,777 - apscheduler.scheduler - INFO - Scheduler started
2025-08-10 19:46:46,778 - telegram.ext.Application - INFO - Application started
2025-08-10 19:46:57,420 - httpx - INFO - HTTP Request: POST https://api.telegram.org/bot8478680741:AAHguaQAL1bTDTqr3AQke1BqAqLeiv1TXnQ/getUpdates "HTTP/1.1 200 OK"
2025-08-10 19:47:07,634 - httpx - INFO - HTTP Request: POST https://api.telegram.org/bot8478680741:AAHguaQAL1bTDTqr3AQke1BqAqLeiv1TXnQ/getUpdates "HTTP/1.1 200 OK"
2025-08-10 19:47:20,158 - __main__ - INFO - Iniciando o bot de eco...
2025-08-10 19:47:20,889 - __main__ - INFO - Aplicação do bot criada com sucesso!
2025-08-10 19:47:20,889 - __main__ - INFO - Iniciando o bot...
2025-08-10 19:47:21,620 - httpx - INFO - HTTP Request: POST https://api.telegram.org/bot8478680741:AAHguaQAL1bTDTqr3AQke1BqAqLeiv1TXnQ/getMe "HTTP/1.1 200 OK"
2025-08-10 19:47:21,834 - httpx - INFO - HTTP Request: POST https://api.telegram.org/bot8478680741:AAHguaQAL1bTDTqr3AQke1BqAqLeiv1TXnQ/deleteWebhook "HTTP/1.1 200 OK"
2025-08-10 19:47:21,835 - apscheduler.scheduler - INFO - Scheduler started
2025-08-10 19:47:21,835 - telegram.ext.Application - INFO - Application started
2025-08-10 19:47:32,478 - httpx - INFO - HTTP Request: POST https://api.telegram.org/bot8478680741:AAHguaQAL1bTDTqr3AQke1BqAqLeiv1TXnQ/getUpdates "HTTP/1.1 200 OK"
2025-08-10 19:48:47,459 - __main__ - INFO - Iniciando o bot de eco...
2025-08-10 19:48:48,233 - __main__ - INFO - Aplicação do bot criada com sucesso!
2025-08-10 19:48:48,233 - __main__ - INFO - Iniciando o bot...
2025-08-10 19:48:48,965 - httpx - INFO - HTTP Request: POST https://api.telegram.org/bot8478680741:AAHguaQAL1bTDTqr3AQke1BqAqLeiv1TXnQ/getMe "HTTP/1.1 200 OK"
2025-08-10 19:48:49,179 - httpx - INFO - HTTP Request: POST https://api.telegram.org/bot8478680741:AAHguaQAL1bTDTqr3AQke1BqAqLeiv1TXnQ/deleteWebhook "HTTP/1.1 200 OK"
2025-08-10 19:48:49,180 - apscheduler.scheduler - INFO - Scheduler started
2025-08-10 19:48:49,181 - telegram.ext.Application - INFO - Application started
2025-08-10 19:48:59,827 - httpx - INFO - HTTP Request: POST https://api.telegram.org/bot8478680741:AAHguaQAL1bTDTqr3AQke1BqAqLeiv1TXnQ/getUpdates "HTTP/1.1 200 OK"
2025-08-10 19:49:10,044 - httpx - INFO - HTTP Request: POST https://api.telegram.org/bot8478680741:AAHguaQAL1bTDTqr3AQke1BqAqLeiv1TXnQ/getUpdates "HTTP/1.1 200 OK"
2025-08-10 19:49:20,265 - httpx - INFO - HTTP Request: POST https://api.telegram.org/bot8478680741:AAHguaQAL1bTDTqr3AQke1BqAqLeiv1TXnQ/getUpdates "HTTP/1.1 200 OK"
2025-08-10 19:50:15,374 - __main__ - INFO - Iniciando o bot de eco...
2025-08-10 19:50:16,071 - __main__ - INFO - Aplicação do bot criada com sucesso!
2025-08-10 19:50:16,071 - __main__ - INFO - Iniciando o bot...
2025-08-10 19:50:16,774 - httpx - INFO - HTTP Request: POST https://api.telegram.org/bot8478680741:AAHguaQAL1bTDTqr3AQke1BqAqLeiv1TXnQ/getMe "HTTP/1.1 200 OK"
2025-08-10 19:50:16,988 - httpx - INFO - HTTP Request: POST https://api.telegram.org/bot8478680741:AAHguaQAL1bTDTqr3AQke1BqAqLeiv1TXnQ/deleteWebhook "HTTP/1.1 200 OK"
2025-08-10 19:50:16,989 - apscheduler.scheduler - INFO - Scheduler started
2025-08-10 19:50:16,989 - telegram.ext.Application - INFO - Application started
2025-08-10 19:50:27,633 - httpx - INFO - HTTP Request: POST https://api.telegram.org/bot8478680741:AAHguaQAL1bTDTqr3AQke1BqAqLeiv1TXnQ/getUpdates "HTTP/1.1 200 OK"
2025-08-10 19:50:37,847 - httpx - INFO - HTTP Request: POST https://api.telegram.org/bot8478680741:AAHguaQAL1bTDTqr3AQke1BqAqLeiv1TXnQ/getUpdates "HTTP/1.1 200 OK"
2025-08-10 19:50:48,061 - httpx - INFO - HTTP Request: POST https://api.telegram.org/bot8478680741:AAHguaQAL1bTDTqr3AQke1BqAqLeiv1TXnQ/getUpdates "HTTP/1.1 200 OK"
2025-08-10 19:50:58,275 - httpx - INFO - HTTP Request: POST https://api.telegram.org/bot8478680741:AAHguaQAL1bTDTqr3AQke1BqAqLeiv1TXnQ/getUpdates "HTTP/1.1 200 OK"
2025-08-10 19:51:08,489 - httpx - INFO - HTTP Request: POST https://api.telegram.org/bot8478680741:AAHguaQAL1bTDTqr3AQke1BqAqLeiv1TXnQ/getUpdates "HTTP/1.1 200 OK"
2025-08-10 19:51:18,702 - httpx - INFO - HTTP Request: POST https://api.telegram.org/bot8478680741:AAHguaQAL1bTDTqr3AQke1BqAqLeiv1TXnQ/getUpdates "HTTP/1.1 200 OK"
2025-08-10 19:51:28,916 - httpx - INFO - HTTP Request: POST https://api.telegram.org/bot8478680741:AAHguaQAL1bTDTqr3AQke1BqAqLeiv1TXnQ/getUpdates "HTTP/1.1 200 OK"
2025-08-10 19:51:39,129 - httpx - INFO - HTTP Request: POST https://api.telegram.org/bot8478680741:AAHguaQAL1bTDTqr3AQke1BqAqLeiv1TXnQ/getUpdates "HTTP/1.1 200 OK"
2025-08-10 19:51:49,345 - httpx - INFO - HTTP Request: POST https://api.telegram.org/bot8478680741:AAHguaQAL1bTDTqr3AQke1BqAqLeiv1TXnQ/getUpdates "HTTP/1.1 200 OK"
2025-08-10 19:51:59,558 - httpx - INFO - HTTP Request: POST https://api.telegram.org/bot8478680741:AAHguaQAL1bTDTqr3AQke1BqAqLeiv1TXnQ/getUpdates "HTTP/1.1 200 OK"
2025-08-10 19:52:09,773 - httpx - INFO - HTTP Request: POST https://api.telegram.org/bot8478680741:AAHguaQAL1bTDTqr3AQke1BqAqLeiv1TXnQ/getUpdates "HTTP/1.1 200 OK"
2025-08-10 19:52:19,989 - httpx - INFO - HTTP Request: POST https://api.telegram.org/bot8478680741:AAHguaQAL1bTDTqr3AQke1BqAqLeiv1TXnQ/getUpdates "HTTP/1.1 200 OK"
2025-08-10 19:52:30,203 - httpx - INFO - HTTP Request: POST https://api.telegram.org/bot8478680741:AAHguaQAL1bTDTqr3AQke1BqAqLeiv1TXnQ/getUpdates "HTTP/1.1 200 OK"
2025-08-10 19:52:40,416 - httpx - INFO - HTTP Request: POST https://api.telegram.org/bot8478680741:AAHguaQAL1bTDTqr3AQke1BqAqLeiv1TXnQ/getUpdates "HTTP/1.1 200 OK"
2025-08-10 19:52:50,631 - httpx - INFO - HTTP Request: POST https://api.telegram.org/bot8478680741:AAHguaQAL1bTDTqr3AQke1BqAqLeiv1TXnQ/getUpdates "HTTP/1.1 200 OK"
2025-08-10 19:53:00,845 - httpx - INFO - HTTP Request: POST https://api.telegram.org/bot8478680741:AAHguaQAL1bTDTqr3AQke1BqAqLeiv1TXnQ/getUpdates "HTTP/1.1 200 OK"
2025-08-10 19:53:11,059 - httpx - INFO - HTTP Request: POST https://api.telegram.org/bot8478680741:AAHguaQAL1bTDTqr3AQke1BqAqLeiv1TXnQ/getUpdates "HTTP/1.1 200 OK"
2025-08-10 19:53:21,275 - httpx - INFO - HTTP Request: POST https://api.telegram.org/bot8478680741:AAHguaQAL1bTDTqr3AQke1BqAqLeiv1TXnQ/getUpdates "HTTP/1.1 200 OK"
2025-08-10 19:53:31,491 - httpx - INFO - HTTP Request: POST https://api.telegram.org/bot8478680741:AAHguaQAL1bTDTqr3AQke1BqAqLeiv1TXnQ/getUpdates "HTTP/1.1 200 OK"
2025-08-10 19:53:41,704 - httpx - INFO - HTTP Request: POST https://api.telegram.org/bot8478680741:AAHguaQAL1bTDTqr3AQke1BqAqLeiv1TXnQ/getUpdates "HTTP/1.1 200 OK"
2025-08-10 19:54:50,794 - __main__ - INFO - Iniciando o bot de eco...
2025-08-10 19:54:51,507 - __main__ - INFO - Aplicação do bot criada com sucesso!
2025-08-10 19:54:51,508 - __main__ - INFO - Iniciando o bot...
2025-08-10 19:54:52,232 - httpx - INFO - HTTP Request: POST https://api.telegram.org/bot8478680741:AAHguaQAL1bTDTqr3AQke1BqAqLeiv1TXnQ/getMe "HTTP/1.1 200 OK"
2025-08-10 19:54:52,450 - httpx - INFO - HTTP Request: POST https://api.telegram.org/bot8478680741:AAHguaQAL1bTDTqr3AQke1BqAqLeiv1TXnQ/deleteWebhook "HTTP/1.1 200 OK"
2025-08-10 19:54:52,451 - apscheduler.scheduler - INFO - Scheduler started
2025-08-10 19:54:52,452 - telegram.ext.Application - INFO - Application started
2025-08-10 19:55:03,093 - httpx - INFO - HTTP Request: POST https://api.telegram.org/bot8478680741:AAHguaQAL1bTDTqr3AQke1BqAqLeiv1TXnQ/getUpdates "HTTP/1.1 200 OK"
2025-08-10 19:55:13,307 - httpx - INFO - HTTP Request: POST https://api.telegram.org/bot8478680741:AAHguaQAL1bTDTqr3AQke1BqAqLeiv1TXnQ/getUpdates "HTTP/1.1 200 OK"
2025-08-10 19:56:06,861 - __main__ - INFO - Iniciando o bot de eco...
2025-08-10 19:56:07,564 - __main__ - INFO - Aplicação do bot criada com sucesso!
2025-08-10 19:56:07,564 - __main__ - INFO - Iniciando o bot...
2025-08-10 19:56:08,276 - httpx - INFO - HTTP Request: POST https://api.telegram.org/bot8478680741:AAHguaQAL1bTDTqr3AQke1BqAqLeiv1TXnQ/getMe "HTTP/1.1 200 OK"
2025-08-10 19:56:08,490 - httpx - INFO - HTTP Request: POST https://api.telegram.org/bot8478680741:AAHguaQAL1bTDTqr3AQke1BqAqLeiv1TXnQ/deleteWebhook "HTTP/1.1 200 OK"
2025-08-10 19:56:08,491 - apscheduler.scheduler - INFO - Scheduler started
2025-08-10 19:56:08,491 - telegram.ext.Application - INFO - Application started
2025-08-10 19:56:19,143 - httpx - INFO - HTTP Request: POST https://api.telegram.org/bot8478680741:AAHguaQAL1bTDTqr3AQke1BqAqLeiv1TXnQ/getUpdates "HTTP/1.1 200 OK"
2025-08-10 19:56:29,360 - httpx - INFO - HTTP Request: POST https://api.telegram.org/bot8478680741:AAHguaQAL1bTDTqr3AQke1BqAqLeiv1TXnQ/getUpdates "HTTP/1.1 200 OK"
2025-08-10 19:57:05,022 - __main__ - INFO - Iniciando o bot de eco...
2025-08-10 19:57:05,759 - __main__ - INFO - Aplicação do bot criada com sucesso!
2025-08-10 19:57:05,760 - __main__ - INFO - Iniciando o bot...
2025-08-10 19:57:06,473 - httpx - INFO - HTTP Request: POST https://api.telegram.org/bot8478680741:AAHguaQAL1bTDTqr3AQke1BqAqLeiv1TXnQ/getMe "HTTP/1.1 200 OK"
2025-08-10 19:57:06,688 - httpx - INFO - HTTP Request: POST https://api.telegram.org/bot8478680741:AAHguaQAL1bTDTqr3AQke1BqAqLeiv1TXnQ/deleteWebhook "HTTP/1.1 200 OK"
2025-08-10 19:57:06,690 - apscheduler.scheduler - INFO - Scheduler started
2025-08-10 19:57:06,691 - telegram.ext.Application - INFO - Application started
2025-08-10 19:57:17,347 - httpx - INFO - HTTP Request: POST https://api.telegram.org/bot8478680741:AAHguaQAL1bTDTqr3AQke1BqAqLeiv1TXnQ/getUpdates "HTTP/1.1 200 OK"
2025-08-10 19:57:27,566 - httpx - INFO - HTTP Request: POST https://api.telegram.org/bot8478680741:AAHguaQAL1bTDTqr3AQke1BqAqLeiv1TXnQ/getUpdates "HTTP/1.1 200 OK"
2025-08-10 19:57:37,783 - httpx - INFO - HTTP Request: POST https://api.telegram.org/bot8478680741:AAHguaQAL1bTDTqr3AQke1BqAqLeiv1TXnQ/getUpdates "HTTP/1.1 200 OK"
2025-08-10 19:58:25,682 - __main__ - INFO - Iniciando o bot de eco...
2025-08-10 19:58:26,400 - __main__ - INFO - Aplicação do bot criada com sucesso!
2025-08-10 19:58:26,400 - __main__ - INFO - Iniciando o bot...
2025-08-10 19:58:27,105 - httpx - INFO - HTTP Request: POST https://api.telegram.org/bot8478680741:AAHguaQAL1bTDTqr3AQke1BqAqLeiv1TXnQ/getMe "HTTP/1.1 200 OK"
2025-08-10 19:58:27,320 - httpx - INFO - HTTP Request: POST https://api.telegram.org/bot8478680741:AAHguaQAL1bTDTqr3AQke1BqAqLeiv1TXnQ/deleteWebhook "HTTP/1.1 200 OK"
2025-08-10 19:58:27,322 - apscheduler.scheduler - INFO - Scheduler started
2025-08-10 19:58:27,322 - telegram.ext.Application - INFO - Application started
2025-08-10 19:58:37,969 - httpx - INFO - HTTP Request: POST https://api.telegram.org/bot8478680741:AAHguaQAL1bTDTqr3AQke1BqAqLeiv1TXnQ/getUpdates "HTTP/1.1 200 OK"
2025-08-10 19:58:48,182 - httpx - INFO - HTTP Request: POST https://api.telegram.org/bot8478680741:AAHguaQAL1bTDTqr3AQke1BqAqLeiv1TXnQ/getUpdates "HTTP/1.1 200 OK"
2025-08-10 19:59:38,367 - __main__ - INFO - Iniciando o bot de eco...
2025-08-10 19:59:39,105 - __main__ - INFO - Aplicação do bot criada com sucesso!
2025-08-10 19:59:39,107 - __main__ - INFO - Iniciando o bot...
2025-08-10 19:59:39,846 - httpx - INFO - HTTP Request: POST https://api.telegram.org/bot8478680741:AAHguaQAL1bTDTqr3AQke1BqAqLeiv1TXnQ/getMe "HTTP/1.1 200 OK"
2025-08-10 19:59:40,061 - httpx - INFO - HTTP Request: POST https://api.telegram.org/bot8478680741:AAHguaQAL1bTDTqr3AQke1BqAqLeiv1TXnQ/deleteWebhook "HTTP/1.1 200 OK"
2025-08-10 19:59:40,063 - apscheduler.scheduler - INFO - Scheduler started
2025-08-10 19:59:40,063 - telegram.ext.Application - INFO - Application started
2025-08-10 19:59:50,694 - httpx - INFO - HTTP Request: POST https://api.telegram.org/bot8478680741:AAHguaQAL1bTDTqr3AQke1BqAqLeiv1TXnQ/getUpdates "HTTP/1.1 200 OK"
2025-08-10 20:04:31,903 - __main__ - INFO - Iniciando o bot de eco...
2025-08-10 20:04:32,649 - __main__ - INFO - Aplicação do bot criada com sucesso!
2025-08-10 20:04:32,649 - __main__ - INFO - Iniciando o bot...
2025-08-10 20:04:33,399 - httpx - INFO - HTTP Request: POST https://api.telegram.org/bot8478680741:AAHguaQAL1bTDTqr3AQke1BqAqLeiv1TXnQ/getMe "HTTP/1.1 200 OK"
2025-08-10 20:04:33,613 - httpx - INFO - HTTP Request: POST https://api.telegram.org/bot8478680741:AAHguaQAL1bTDTqr3AQke1BqAqLeiv1TXnQ/deleteWebhook "HTTP/1.1 200 OK"
2025-08-10 20:04:33,614 - apscheduler.scheduler - INFO - Scheduler started
2025-08-10 20:04:33,614 - telegram.ext.Application - INFO - Application started
2025-08-10 20:04:44,267 - httpx - INFO - HTTP Request: POST https://api.telegram.org/bot8478680741:AAHguaQAL1bTDTqr3AQke1BqAqLeiv1TXnQ/getUpdates "HTTP/1.1 200 OK"
2025-08-10 20:08:44,236 - __main__ - INFO - Iniciando o bot de eco...
2025-08-10 20:08:44,948 - __main__ - INFO - Aplicação do bot criada com sucesso!
2025-08-10 20:08:44,948 - __main__ - INFO - Iniciando o bot...
2025-08-10 20:08:45,710 - httpx - INFO - HTTP Request: POST https://api.telegram.org/bot8478680741:AAHguaQAL1bTDTqr3AQke1BqAqLeiv1TXnQ/getMe "HTTP/1.1 200 OK"
2025-08-10 20:08:45,924 - httpx - INFO - HTTP Request: POST https://api.telegram.org/bot8478680741:AAHguaQAL1bTDTqr3AQke1BqAqLeiv1TXnQ/deleteWebhook "HTTP/1.1 200 OK"
2025-08-10 20:08:45,925 - apscheduler.scheduler - INFO - Scheduler started
2025-08-10 20:08:45,925 - telegram.ext.Application - INFO - Application started
2025-08-10 20:08:56,571 - httpx - INFO - HTTP Request: POST https://api.telegram.org/bot8478680741:AAHguaQAL1bTDTqr3AQke1BqAqLeiv1TXnQ/getUpdates "HTTP/1.1 200 OK"
2025-08-10 20:10:02,232 - __main__ - INFO - Iniciando o bot de eco...
2025-08-10 20:10:02,954 - __main__ - INFO - Aplicação do bot criada com sucesso!
2025-08-10 20:10:02,955 - __main__ - INFO - Iniciando o bot...
2025-08-10 20:10:03,667 - httpx - INFO - HTTP Request: POST https://api.telegram.org/bot8478680741:AAHguaQAL1bTDTqr3AQke1BqAqLeiv1TXnQ/getMe "HTTP/1.1 200 OK"
2025-08-10 20:10:03,879 - httpx - INFO - HTTP Request: POST https://api.telegram.org/bot8478680741:AAHguaQAL1bTDTqr3AQke1BqAqLeiv1TXnQ/deleteWebhook "HTTP/1.1 200 OK"
2025-08-10 20:10:03,881 - apscheduler.scheduler - INFO - Scheduler started
2025-08-10 20:10:03,881 - telegram.ext.Application - INFO - Application started
2025-08-10 20:10:14,515 - httpx - INFO - HTTP Request: POST https://api.telegram.org/bot8478680741:AAHguaQAL1bTDTqr3AQke1BqAqLeiv1TXnQ/getUpdates "HTTP/1.1 200 OK"
2025-08-10 20:10:24,725 - httpx - INFO - HTTP Request: POST https://api.telegram.org/bot8478680741:AAHguaQAL1bTDTqr3AQke1BqAqLeiv1TXnQ/getUpdates "HTTP/1.1 200 OK"
2025-08-10 20:11:18,809 - __main__ - INFO - Iniciando o bot de eco...
2025-08-10 20:11:19,543 - __main__ - INFO - Aplicação do bot criada com sucesso!
2025-08-10 20:11:19,543 - __main__ - INFO - Iniciando o bot...
2025-08-10 20:11:20,243 - httpx - INFO - HTTP Request: POST https://api.telegram.org/bot8478680741:AAHguaQAL1bTDTqr3AQke1BqAqLeiv1TXnQ/getMe "HTTP/1.1 200 OK"
2025-08-10 20:11:20,457 - httpx - INFO - HTTP Request: POST https://api.telegram.org/bot8478680741:AAHguaQAL1bTDTqr3AQke1BqAqLeiv1TXnQ/deleteWebhook "HTTP/1.1 200 OK"
2025-08-10 20:11:20,459 - apscheduler.scheduler - INFO - Scheduler started
2025-08-10 20:11:20,459 - telegram.ext.Application - INFO - Application started
2025-08-10 20:11:31,102 - httpx - INFO - HTTP Request: POST https://api.telegram.org/bot8478680741:AAHguaQAL1bTDTqr3AQke1BqAqLeiv1TXnQ/getUpdates "HTTP/1.1 200 OK"
2025-08-10 20:13:46,331 - __main__ - INFO - Iniciando o bot de eco...
2025-08-10 20:13:47,039 - __main__ - INFO - Aplicação do bot criada com sucesso!
2025-08-10 20:13:47,040 - __main__ - INFO - Iniciando o bot...
2025-08-10 20:13:47,808 - httpx - INFO - HTTP Request: POST https://api.telegram.org/bot8478680741:AAHguaQAL1bTDTqr3AQke1BqAqLeiv1TXnQ/getMe "HTTP/1.1 200 OK"
2025-08-10 20:13:48,026 - httpx - INFO - HTTP Request: POST https://api.telegram.org/bot8478680741:AAHguaQAL1bTDTqr3AQke1BqAqLeiv1TXnQ/deleteWebhook "HTTP/1.1 200 OK"
2025-08-10 20:13:48,027 - apscheduler.scheduler - INFO - Scheduler started
2025-08-10 20:13:48,027 - telegram.ext.Application - INFO - Application started
2025-08-10 20:13:58,678 - httpx - INFO - HTTP Request: POST https://api.telegram.org/bot8478680741:AAHguaQAL1bTDTqr3AQke1BqAqLeiv1TXnQ/getUpdates "HTTP/1.1 200 OK"
2025-08-10 20:14:08,897 - httpx - INFO - HTTP Request: POST https://api.telegram.org/bot8478680741:AAHguaQAL1bTDTqr3AQke1BqAqLeiv1TXnQ/getUpdates "HTTP/1.1 200 OK"
2025-08-10 20:14:19,114 - httpx - INFO - HTTP Request: POST https://api.telegram.org/bot8478680741:AAHguaQAL1bTDTqr3AQke1BqAqLeiv1TXnQ/getUpdates "HTTP/1.1 200 OK"
2025-08-10 20:14:29,333 - httpx - INFO - HTTP Request: POST https://api.telegram.org/bot8478680741:AAHguaQAL1bTDTqr3AQke1BqAqLeiv1TXnQ/getUpdates "HTTP/1.1 200 OK"
2025-08-10 20:14:39,550 - httpx - INFO - HTTP Request: POST https://api.telegram.org/bot8478680741:AAHguaQAL1bTDTqr3AQke1BqAqLeiv1TXnQ/getUpdates "HTTP/1.1 200 OK"
2025-08-10 20:14:49,768 - httpx - INFO - HTTP Request: POST https://api.telegram.org/bot8478680741:AAHguaQAL1bTDTqr3AQke1BqAqLeiv1TXnQ/getUpdates "HTTP/1.1 200 OK"
2025-08-10 20:14:59,987 - httpx - INFO - HTTP Request: POST https://api.telegram.org/bot8478680741:AAHguaQAL1bTDTqr3AQke1BqAqLeiv1TXnQ/getUpdates "HTTP/1.1 200 OK"
2025-08-10 20:15:10,205 - httpx - INFO - HTTP Request: POST https://api.telegram.org/bot8478680741:AAHguaQAL1bTDTqr3AQke1BqAqLeiv1TXnQ/getUpdates "HTTP/1.1 200 OK"
2025-08-10 20:15:20,424 - httpx - INFO - HTTP Request: POST https://api.telegram.org/bot8478680741:AAHguaQAL1bTDTqr3AQke1BqAqLeiv1TXnQ/getUpdates "HTTP/1.1 200 OK"
2025-08-10 20:15:30,642 - httpx - INFO - HTTP Request: POST https://api.telegram.org/bot8478680741:AAHguaQAL1bTDTqr3AQke1BqAqLeiv1TXnQ/getUpdates "HTTP/1.1 200 OK"
2025-08-10 20:15:40,859 - httpx - INFO - HTTP Request: POST https://api.telegram.org/bot8478680741:AAHguaQAL1bTDTqr3AQke1BqAqLeiv1TXnQ/getUpdates "HTTP/1.1 200 OK"
2025-08-10 20:15:51,077 - httpx - INFO - HTTP Request: POST https://api.telegram.org/bot8478680741:AAHguaQAL1bTDTqr3AQke1BqAqLeiv1TXnQ/getUpdates "HTTP/1.1 200 OK"
2025-08-10 20:16:31,027 - __main__ - INFO - Iniciando o bot de eco...
2025-08-10 20:16:31,735 - __main__ - INFO - Aplicação do bot criada com sucesso!
2025-08-10 20:16:31,736 - __main__ - INFO - Iniciando o bot...
2025-08-10 20:16:32,448 - httpx - INFO - HTTP Request: POST https://api.telegram.org/bot8478680741:AAHguaQAL1bTDTqr3AQke1BqAqLeiv1TXnQ/getMe "HTTP/1.1 200 OK"
2025-08-10 20:16:32,662 - httpx - INFO - HTTP Request: POST https://api.telegram.org/bot8478680741:AAHguaQAL1bTDTqr3AQke1BqAqLeiv1TXnQ/deleteWebhook "HTTP/1.1 200 OK"
2025-08-10 20:16:32,664 - apscheduler.scheduler - INFO - Scheduler started
2025-08-10 20:16:32,664 - telegram.ext.Application - INFO - Application started
2025-08-10 20:16:43,294 - httpx - INFO - HTTP Request: POST https://api.telegram.org/bot8478680741:AAHguaQAL1bTDTqr3AQke1BqAqLeiv1TXnQ/getUpdates "HTTP/1.1 200 OK"
2025-08-10 20:16:53,505 - httpx - INFO - HTTP Request: POST https://api.telegram.org/bot8478680741:AAHguaQAL1bTDTqr3AQke1BqAqLeiv1TXnQ/getUpdates "HTTP/1.1 200 OK"
2025-08-10 20:17:03,715 - httpx - INFO - HTTP Request: POST https://api.telegram.org/bot8478680741:AAHguaQAL1bTDTqr3AQke1BqAqLeiv1TXnQ/getUpdates "HTTP/1.1 200 OK"
2025-08-10 20:17:13,924 - httpx - INFO - HTTP Request: POST https://api.telegram.org/bot8478680741:AAHguaQAL1bTDTqr3AQke1BqAqLeiv1TXnQ/getUpdates "HTTP/1.1 200 OK"
2025-08-10 20:17:24,134 - httpx - INFO - HTTP Request: POST https://api.telegram.org/bot8478680741:AAHguaQAL1bTDTqr3AQke1BqAqLeiv1TXnQ/getUpdates "HTTP/1.1 200 OK"
2025-08-10 20:19:08,003 - __main__ - INFO - Iniciando o bot de eco...
2025-08-10 20:19:08,716 - __main__ - INFO - Aplicação do bot criada com sucesso!
2025-08-10 20:19:08,717 - __main__ - INFO - Iniciando o bot...
2025-08-10 20:19:09,486 - httpx - INFO - HTTP Request: POST https://api.telegram.org/bot8478680741:AAHguaQAL1bTDTqr3AQke1BqAqLeiv1TXnQ/getMe "HTTP/1.1 200 OK"
2025-08-10 20:19:09,705 - httpx - INFO - HTTP Request: POST https://api.telegram.org/bot8478680741:AAHguaQAL1bTDTqr3AQke1BqAqLeiv1TXnQ/deleteWebhook "HTTP/1.1 200 OK"
2025-08-10 20:19:09,706 - apscheduler.scheduler - INFO - Scheduler started
2025-08-10 20:19:09,707 - telegram.ext.Application - INFO - Application started
2025-08-10 20:19:20,350 - httpx - INFO - HTTP Request: POST https://api.telegram.org/bot8478680741:AAHguaQAL1bTDTqr3AQke1BqAqLeiv1TXnQ/getUpdates "HTTP/1.1 200 OK"
2025-08-10 20:19:30,566 - httpx - INFO - HTTP Request: POST https://api.telegram.org/bot8478680741:AAHguaQAL1bTDTqr3AQke1BqAqLeiv1TXnQ/getUpdates "HTTP/1.1 200 OK"
2025-08-10 20:21:00,271 - __main__ - INFO - Iniciando o bot de eco...
2025-08-10 20:21:00,982 - __main__ - INFO - Aplicação do bot criada com sucesso!
2025-08-10 20:21:00,982 - __main__ - INFO - Iniciando o bot...
2025-08-10 20:21:01,696 - httpx - INFO - HTTP Request: POST https://api.telegram.org/bot8478680741:AAHguaQAL1bTDTqr3AQke1BqAqLeiv1TXnQ/getMe "HTTP/1.1 200 OK"
2025-08-10 20:21:01,910 - httpx - INFO - HTTP Request: POST https://api.telegram.org/bot8478680741:AAHguaQAL1bTDTqr3AQke1BqAqLeiv1TXnQ/deleteWebhook "HTTP/1.1 200 OK"
2025-08-10 20:21:01,911 - apscheduler.scheduler - INFO - Scheduler started
2025-08-10 20:21:01,912 - telegram.ext.Application - INFO - Application started
2025-08-10 20:21:12,554 - httpx - INFO - HTTP Request: POST https://api.telegram.org/bot8478680741:AAHguaQAL1bTDTqr3AQke1BqAqLeiv1TXnQ/getUpdates "HTTP/1.1 200 OK"
2025-08-10 20:21:22,768 - httpx - INFO - HTTP Request: POST https://api.telegram.org/bot8478680741:AAHguaQAL1bTDTqr3AQke1BqAqLeiv1TXnQ/getUpdates "HTTP/1.1 200 OK"
2025-08-10 20:21:56,545 - __main__ - INFO - Iniciando o bot de eco...
2025-08-10 20:21:57,247 - __main__ - INFO - Aplicação do bot criada com sucesso!
2025-08-10 20:21:57,248 - __main__ - INFO - Iniciando o bot...
2025-08-10 20:21:57,937 - httpx - INFO - HTTP Request: POST https://api.telegram.org/bot8478680741:AAHguaQAL1bTDTqr3AQke1BqAqLeiv1TXnQ/getMe "HTTP/1.1 200 OK"
2025-08-10 20:21:58,147 - httpx - INFO - HTTP Request: POST https://api.telegram.org/bot8478680741:AAHguaQAL1bTDTqr3AQke1BqAqLeiv1TXnQ/deleteWebhook "HTTP/1.1 200 OK"
2025-08-10 20:21:58,149 - apscheduler.scheduler - INFO - Scheduler started
2025-08-10 20:21:58,149 - telegram.ext.Application - INFO - Application started
2025-08-10 20:22:08,792 - httpx - INFO - HTTP Request: POST https://api.telegram.org/bot8478680741:AAHguaQAL1bTDTqr3AQke1BqAqLeiv1TXnQ/getUpdates "HTTP/1.1 200 OK"
2025-08-10 20:22:19,007 - httpx - INFO - HTTP Request: POST https://api.telegram.org/bot8478680741:AAHguaQAL1bTDTqr3AQke1BqAqLeiv1TXnQ/getUpdates "HTTP/1.1 200 OK"
2025-08-10 20:22:29,456 - httpx - INFO - HTTP Request: POST https://api.telegram.org/bot8478680741:AAHguaQAL1bTDTqr3AQke1BqAqLeiv1TXnQ/getUpdates "HTTP/1.1 200 OK"
2025-08-10 20:22:40,085 - httpx - INFO - HTTP Request: POST https://api.telegram.org/bot8478680741:AAHguaQAL1bTDTqr3AQke1BqAqLeiv1TXnQ/getUpdates "HTTP/1.1 200 OK"
2025-08-10 20:25:49,265 - __main__ - INFO - Iniciando o bot de eco...
2025-08-10 20:25:49,966 - __main__ - INFO - Aplicação do bot criada com sucesso!
2025-08-10 20:25:49,967 - __main__ - INFO - Iniciando o bot...
2025-08-10 20:25:50,731 - httpx - INFO - HTTP Request: POST https://api.telegram.org/bot8478680741:AAHguaQAL1bTDTqr3AQke1BqAqLeiv1TXnQ/getMe "HTTP/1.1 200 OK"
2025-08-10 20:25:50,949 - httpx - INFO - HTTP Request: POST https://api.telegram.org/bot8478680741:AAHguaQAL1bTDTqr3AQke1BqAqLeiv1TXnQ/deleteWebhook "HTTP/1.1 200 OK"
2025-08-10 20:25:50,949 - apscheduler.scheduler - INFO - Scheduler started
2025-08-10 20:25:50,950 - telegram.ext.Application - INFO - Application started
2025-08-10 20:26:01,596 - httpx - INFO - HTTP Request: POST https://api.telegram.org/bot8478680741:AAHguaQAL1bTDTqr3AQke1BqAqLeiv1TXnQ/getUpdates "HTTP/1.1 200 OK"
2025-08-10 20:27:22,375 - __main__ - INFO - Iniciando o bot de eco...
2025-08-10 20:27:23,077 - __main__ - INFO - Aplicação do bot criada com sucesso!
2025-08-10 20:27:23,078 - __main__ - INFO - Iniciando o bot...
2025-08-10 20:27:23,809 - httpx - INFO - HTTP Request: POST https://api.telegram.org/bot8478680741:AAHguaQAL1bTDTqr3AQke1BqAqLeiv1TXnQ/getMe "HTTP/1.1 200 OK"
2025-08-10 20:27:24,021 - httpx - INFO - HTTP Request: POST https://api.telegram.org/bot8478680741:AAHguaQAL1bTDTqr3AQke1BqAqLeiv1TXnQ/deleteWebhook "HTTP/1.1 200 OK"
2025-08-10 20:27:24,022 - apscheduler.scheduler - INFO - Scheduler started
2025-08-10 20:27:24,023 - telegram.ext.Application - INFO - Application started
2025-08-10 20:27:34,666 - httpx - INFO - HTTP Request: POST https://api.telegram.org/bot8478680741:AAHguaQAL1bTDTqr3AQke1BqAqLeiv1TXnQ/getUpdates "HTTP/1.1 200 OK"
2025-08-10 20:27:44,880 - httpx - INFO - HTTP Request: POST https://api.telegram.org/bot8478680741:AAHguaQAL1bTDTqr3AQke1BqAqLeiv1TXnQ/getUpdates "HTTP/1.1 200 OK"
2025-08-10 20:30:43,820 - __main__ - INFO - Iniciando o bot de eco...
2025-08-10 20:30:44,532 - __main__ - INFO - Aplicação do bot criada com sucesso!
2025-08-10 20:30:44,533 - __main__ - INFO - Iniciando o bot...
2025-08-10 20:30:45,253 - httpx - INFO - HTTP Request: POST https://api.telegram.org/bot8478680741:AAHguaQAL1bTDTqr3AQke1BqAqLeiv1TXnQ/getMe "HTTP/1.1 200 OK"
2025-08-10 20:30:45,468 - httpx - INFO - HTTP Request: POST https://api.telegram.org/bot8478680741:AAHguaQAL1bTDTqr3AQke1BqAqLeiv1TXnQ/deleteWebhook "HTTP/1.1 200 OK"
2025-08-10 20:30:45,470 - apscheduler.scheduler - INFO - Scheduler started
2025-08-10 20:30:45,470 - telegram.ext.Application - INFO - Application started
2025-08-10 20:30:56,110 - httpx - INFO - HTTP Request: POST https://api.telegram.org/bot8478680741:AAHguaQAL1bTDTqr3AQke1BqAqLeiv1TXnQ/getUpdates "HTTP/1.1 200 OK"
2025-08-10 20:31:06,323 - httpx - INFO - HTTP Request: POST https://api.telegram.org/bot8478680741:AAHguaQAL1bTDTqr3AQke1BqAqLeiv1TXnQ/getUpdates "HTTP/1.1 200 OK"
2025-08-10 20:31:16,537 - httpx - INFO - HTTP Request: POST https://api.telegram.org/bot8478680741:AAHguaQAL1bTDTqr3AQke1BqAqLeiv1TXnQ/getUpdates "HTTP/1.1 200 OK"
2025-08-10 20:31:26,757 - httpx - INFO - HTTP Request: POST https://api.telegram.org/bot8478680741:AAHguaQAL1bTDTqr3AQke1BqAqLeiv1TXnQ/getUpdates "HTTP/1.1 200 OK"
2025-08-10 20:31:36,969 - httpx - INFO - HTTP Request: POST https://api.telegram.org/bot8478680741:AAHguaQAL1bTDTqr3AQke1BqAqLeiv1TXnQ/getUpdates "HTTP/1.1 200 OK"
2025-08-10 20:32:24,879 - __main__ - INFO - Iniciando o bot de eco...
2025-08-10 20:32:25,594 - __main__ - INFO - Aplicação do bot criada com sucesso!
2025-08-10 20:32:25,595 - __main__ - INFO - Iniciando o bot...
2025-08-10 20:32:26,298 - httpx - INFO - HTTP Request: POST https://api.telegram.org/bot8478680741:AAHguaQAL1bTDTqr3AQke1BqAqLeiv1TXnQ/getMe "HTTP/1.1 200 OK"
2025-08-10 20:32:26,510 - httpx - INFO - HTTP Request: POST https://api.telegram.org/bot8478680741:AAHguaQAL1bTDTqr3AQke1BqAqLeiv1TXnQ/deleteWebhook "HTTP/1.1 200 OK"
2025-08-10 20:32:26,511 - apscheduler.scheduler - INFO - Scheduler started
2025-08-10 20:32:26,511 - telegram.ext.Application - INFO - Application started
2025-08-10 20:32:37,153 - httpx - INFO - HTTP Request: POST https://api.telegram.org/bot8478680741:AAHguaQAL1bTDTqr3AQke1BqAqLeiv1TXnQ/getUpdates "HTTP/1.1 200 OK"
2025-08-10 20:32:47,365 - httpx - INFO - HTTP Request: POST https://api.telegram.org/bot8478680741:AAHguaQAL1bTDTqr3AQke1BqAqLeiv1TXnQ/getUpdates "HTTP/1.1 200 OK"
2025-08-10 20:32:57,579 - httpx - INFO - HTTP Request: POST https://api.telegram.org/bot8478680741:AAHguaQAL1bTDTqr3AQke1BqAqLeiv1TXnQ/getUpdates "HTTP/1.1 200 OK"
2025-08-10 20:34:06,512 - __main__ - INFO - Iniciando o bot de eco...
2025-08-10 20:34:07,242 - __main__ - INFO - Aplicação do bot criada com sucesso!
2025-08-10 20:34:07,242 - __main__ - INFO - Iniciando o bot...
2025-08-10 20:34:07,946 - httpx - INFO - HTTP Request: POST https://api.telegram.org/bot8478680741:AAHguaQAL1bTDTqr3AQke1BqAqLeiv1TXnQ/getMe "HTTP/1.1 200 OK"
2025-08-10 20:34:08,157 - httpx - INFO - HTTP Request: POST https://api.telegram.org/bot8478680741:AAHguaQAL1bTDTqr3AQke1BqAqLeiv1TXnQ/deleteWebhook "HTTP/1.1 200 OK"
2025-08-10 20:34:08,158 - apscheduler.scheduler - INFO - Scheduler started
2025-08-10 20:34:08,158 - telegram.ext.Application - INFO - Application started
2025-08-10 20:34:18,789 - httpx - INFO - HTTP Request: POST https://api.telegram.org/bot8478680741:AAHguaQAL1bTDTqr3AQke1BqAqLeiv1TXnQ/getUpdates "HTTP/1.1 200 OK"
2025-08-10 20:34:29,001 - httpx - INFO - HTTP Request: POST https://api.telegram.org/bot8478680741:AAHguaQAL1bTDTqr3AQke1BqAqLeiv1TXnQ/getUpdates "HTTP/1.1 200 OK"
2025-08-10 20:35:55,386 - __main__ - INFO - Iniciando o bot de eco...
2025-08-10 20:35:56,092 - __main__ - INFO - Aplicação do bot criada com sucesso!
2025-08-10 20:35:56,093 - __main__ - INFO - Iniciando o bot...
2025-08-10 20:35:56,856 - httpx - INFO - HTTP Request: POST https://api.telegram.org/bot8478680741:AAHguaQAL1bTDTqr3AQke1BqAqLeiv1TXnQ/getMe "HTTP/1.1 200 OK"
2025-08-10 20:35:57,073 - httpx - INFO - HTTP Request: POST https://api.telegram.org/bot8478680741:AAHguaQAL1bTDTqr3AQke1BqAqLeiv1TXnQ/deleteWebhook "HTTP/1.1 200 OK"
2025-08-10 20:35:57,074 - apscheduler.scheduler - INFO - Scheduler started
2025-08-10 20:35:57,075 - telegram.ext.Application - INFO - Application started
2025-08-10 20:36:07,715 - httpx - INFO - HTTP Request: POST https://api.telegram.org/bot8478680741:AAHguaQAL1bTDTqr3AQke1BqAqLeiv1TXnQ/getUpdates "HTTP/1.1 200 OK"
2025-08-10 20:37:31,073 - __main__ - INFO - Iniciando o bot de eco...
2025-08-10 20:37:31,798 - __main__ - INFO - Aplicação do bot criada com sucesso!
2025-08-10 20:37:31,798 - __main__ - INFO - Iniciando o bot...
2025-08-10 20:37:32,548 - httpx - INFO - HTTP Request: POST https://api.telegram.org/bot8478680741:AAHguaQAL1bTDTqr3AQke1BqAqLeiv1TXnQ/getMe "HTTP/1.1 200 OK"
2025-08-10 20:37:32,763 - httpx - INFO - HTTP Request: POST https://api.telegram.org/bot8478680741:AAHguaQAL1bTDTqr3AQke1BqAqLeiv1TXnQ/deleteWebhook "HTTP/1.1 200 OK"
2025-08-10 20:37:32,764 - apscheduler.scheduler - INFO - Scheduler started
2025-08-10 20:37:32,765 - telegram.ext.Application - INFO - Application started
2025-08-10 20:37:43,416 - httpx - INFO - HTTP Request: POST https://api.telegram.org/bot8478680741:AAHguaQAL1bTDTqr3AQke1BqAqLeiv1TXnQ/getUpdates "HTTP/1.1 200 OK"
2025-08-10 20:39:18,436 - __main__ - INFO - Iniciando o bot de eco...
2025-08-10 20:39:19,152 - __main__ - INFO - Aplicação do bot criada com sucesso!
2025-08-10 20:39:19,152 - __main__ - INFO - Iniciando o bot...
2025-08-10 20:39:19,901 - httpx - INFO - HTTP Request: POST https://api.telegram.org/bot8478680741:AAHguaQAL1bTDTqr3AQke1BqAqLeiv1TXnQ/getMe "HTTP/1.1 200 OK"
2025-08-10 20:39:20,116 - httpx - INFO - HTTP Request: POST https://api.telegram.org/bot8478680741:AAHguaQAL1bTDTqr3AQke1BqAqLeiv1TXnQ/deleteWebhook "HTTP/1.1 200 OK"
2025-08-10 20:39:20,117 - apscheduler.scheduler - INFO - Scheduler started
2025-08-10 20:39:20,118 - telegram.ext.Application - INFO - Application started
2025-08-10 20:39:30,749 - httpx - INFO - HTTP Request: POST https://api.telegram.org/bot8478680741:AAHguaQAL1bTDTqr3AQke1BqAqLeiv1TXnQ/getUpdates "HTTP/1.1 200 OK"
2025-08-10 20:39:40,967 - httpx - INFO - HTTP Request: POST https://api.telegram.org/bot8478680741:AAHguaQAL1bTDTqr3AQke1BqAqLeiv1TXnQ/getUpdates "HTTP/1.1 200 OK"
2025-08-10 20:40:07,513 - __main__ - INFO - Iniciando o bot de eco...
2025-08-10 20:40:08,248 - __main__ - INFO - Aplicação do bot criada com sucesso!
2025-08-10 20:40:08,248 - __main__ - INFO - Iniciando o bot...
2025-08-10 20:40:08,934 - httpx - INFO - HTTP Request: POST https://api.telegram.org/bot8478680741:AAHguaQAL1bTDTqr3AQke1BqAqLeiv1TXnQ/getMe "HTTP/1.1 200 OK"
2025-08-10 20:40:09,144 - httpx - INFO - HTTP Request: POST https://api.telegram.org/bot8478680741:AAHguaQAL1bTDTqr3AQke1BqAqLeiv1TXnQ/deleteWebhook "HTTP/1.1 200 OK"
2025-08-10 20:40:09,145 - apscheduler.scheduler - INFO - Scheduler started
2025-08-10 20:40:09,145 - telegram.ext.Application - INFO - Application started
2025-08-10 20:40:19,787 - httpx - INFO - HTTP Request: POST https://api.telegram.org/bot8478680741:AAHguaQAL1bTDTqr3AQke1BqAqLeiv1TXnQ/getUpdates "HTTP/1.1 200 OK"
2025-08-10 20:40:30,001 - httpx - INFO - HTTP Request: POST https://api.telegram.org/bot8478680741:AAHguaQAL1bTDTqr3AQke1BqAqLeiv1TXnQ/getUpdates "HTTP/1.1 200 OK"
2025-08-10 20:40:40,216 - httpx - INFO - HTTP Request: POST https://api.telegram.org/bot8478680741:AAHguaQAL1bTDTqr3AQke1BqAqLeiv1TXnQ/getUpdates "HTTP/1.1 200 OK"
2025-08-10 20:40:50,431 - httpx - INFO - HTTP Request: POST https://api.telegram.org/bot8478680741:AAHguaQAL1bTDTqr3AQke1BqAqLeiv1TXnQ/getUpdates "HTTP/1.1 200 OK"
2025-08-10 20:41:00,645 - httpx - INFO - HTTP Request: POST https://api.telegram.org/bot8478680741:AAHguaQAL1bTDTqr3AQke1BqAqLeiv1TXnQ/getUpdates "HTTP/1.1 200 OK"
2025-08-10 20:48:21,531 - __main__ - INFO - Iniciando o bot de eco...
2025-08-10 20:48:22,352 - __main__ - INFO - Aplicação do bot criada com sucesso!
2025-08-10 20:48:22,353 - __main__ - INFO - Iniciando o bot...
2025-08-10 20:48:23,108 - httpx - INFO - HTTP Request: POST https://api.telegram.org/bot8478680741:AAHguaQAL1bTDTqr3AQke1BqAqLeiv1TXnQ/getMe "HTTP/1.1 200 OK"
2025-08-10 20:48:23,319 - httpx - INFO - HTTP Request: POST https://api.telegram.org/bot8478680741:AAHguaQAL1bTDTqr3AQke1BqAqLeiv1TXnQ/deleteWebhook "HTTP/1.1 200 OK"
2025-08-10 20:48:23,320 - apscheduler.scheduler - INFO - Scheduler started
2025-08-10 20:48:23,320 - telegram.ext.Application - INFO - Application started
2025-08-10 20:48:33,972 - httpx - INFO - HTTP Request: POST https://api.telegram.org/bot8478680741:AAHguaQAL1bTDTqr3AQke1BqAqLeiv1TXnQ/getUpdates "HTTP/1.1 200 OK"
2025-08-10 20:48:44,190 - httpx - INFO - HTTP Request: POST https://api.telegram.org/bot8478680741:AAHguaQAL1bTDTqr3AQke1BqAqLeiv1TXnQ/getUpdates "HTTP/1.1 200 OK"
2025-08-10 20:48:54,409 - httpx - INFO - HTTP Request: POST https://api.telegram.org/bot8478680741:AAHguaQAL1bTDTqr3AQke1BqAqLeiv1TXnQ/getUpdates "HTTP/1.1 200 OK"
2025-08-10 20:49:04,629 - httpx - INFO - HTTP Request: POST https://api.telegram.org/bot8478680741:AAHguaQAL1bTDTqr3AQke1BqAqLeiv1TXnQ/getUpdates "HTTP/1.1 200 OK"
2025-08-10 20:51:09,440 - __main__ - INFO - Iniciando o bot de eco...
2025-08-10 20:51:10,204 - __main__ - INFO - Aplicação do bot criada com sucesso!
2025-08-10 20:51:10,205 - __main__ - INFO - Iniciando o bot...
2025-08-10 20:51:10,965 - httpx - INFO - HTTP Request: POST https://api.telegram.org/bot8478680741:AAHguaQAL1bTDTqr3AQke1BqAqLeiv1TXnQ/getMe "HTTP/1.1 200 OK"
2025-08-10 20:51:11,176 - httpx - INFO - HTTP Request: POST https://api.telegram.org/bot8478680741:AAHguaQAL1bTDTqr3AQke1BqAqLeiv1TXnQ/deleteWebhook "HTTP/1.1 200 OK"
2025-08-10 20:51:11,177 - apscheduler.scheduler - INFO - Scheduler started
2025-08-10 20:51:11,178 - telegram.ext.Application - INFO - Application started
2025-08-10 20:51:21,824 - httpx - INFO - HTTP Request: POST https://api.telegram.org/bot8478680741:AAHguaQAL1bTDTqr3AQke1BqAqLeiv1TXnQ/getUpdates "HTTP/1.1 200 OK"
2025-08-10 20:51:32,040 - httpx - INFO - HTTP Request: POST https://api.telegram.org/bot8478680741:AAHguaQAL1bTDTqr3AQke1BqAqLeiv1TXnQ/getUpdates "HTTP/1.1 200 OK"
2025-08-10 20:51:42,255 - httpx - INFO - HTTP Request: POST https://api.telegram.org/bot8478680741:AAHguaQAL1bTDTqr3AQke1BqAqLeiv1TXnQ/getUpdates "HTTP/1.1 200 OK"
2025-08-10 20:54:26,540 - __main__ - INFO - Iniciando o bot de eco...
2025-08-10 20:54:27,255 - __main__ - INFO - Aplicação do bot criada com sucesso!
2025-08-10 20:54:27,255 - __main__ - INFO - Iniciando o bot...
2025-08-10 20:54:27,997 - httpx - INFO - HTTP Request: POST https://api.telegram.org/bot8478680741:AAHguaQAL1bTDTqr3AQke1BqAqLeiv1TXnQ/getMe "HTTP/1.1 200 OK"
2025-08-10 20:54:28,208 - httpx - INFO - HTTP Request: POST https://api.telegram.org/bot8478680741:AAHguaQAL1bTDTqr3AQke1BqAqLeiv1TXnQ/deleteWebhook "HTTP/1.1 200 OK"
2025-08-10 20:54:28,209 - apscheduler.scheduler - INFO - Scheduler started
2025-08-10 20:54:28,209 - telegram.ext.Application - INFO - Application started
2025-08-10 20:54:38,861 - httpx - INFO - HTTP Request: POST https://api.telegram.org/bot8478680741:AAHguaQAL1bTDTqr3AQke1BqAqLeiv1TXnQ/getUpdates "HTTP/1.1 200 OK"
2025-08-10 20:54:49,079 - httpx - INFO - HTTP Request: POST https://api.telegram.org/bot8478680741:AAHguaQAL1bTDTqr3AQke1BqAqLeiv1TXnQ/getUpdates "HTTP/1.1 200 OK"
2025-08-10 20:54:59,295 - httpx - INFO - HTTP Request: POST https://api.telegram.org/bot8478680741:AAHguaQAL1bTDTqr3AQke1BqAqLeiv1TXnQ/getUpdates "HTTP/1.1 200 OK"
2025-08-10 20:55:09,514 - httpx - INFO - HTTP Request: POST https://api.telegram.org/bot8478680741:AAHguaQAL1bTDTqr3AQke1BqAqLeiv1TXnQ/getUpdates "HTTP/1.1 200 OK"
2025-08-10 20:56:59,249 - __main__ - INFO - Iniciando o bot de eco...
2025-08-10 20:57:00,041 - __main__ - INFO - Aplicação do bot criada com sucesso!
2025-08-10 20:57:00,042 - __main__ - INFO - Iniciando o bot...
2025-08-10 20:57:00,780 - httpx - INFO - HTTP Request: POST https://api.telegram.org/bot8478680741:AAHguaQAL1bTDTqr3AQke1BqAqLeiv1TXnQ/getMe "HTTP/1.1 200 OK"
2025-08-10 20:57:00,990 - httpx - INFO - HTTP Request: POST https://api.telegram.org/bot8478680741:AAHguaQAL1bTDTqr3AQke1BqAqLeiv1TXnQ/deleteWebhook "HTTP/1.1 200 OK"
2025-08-10 20:57:00,991 - apscheduler.scheduler - INFO - Scheduler started
2025-08-10 20:57:00,991 - telegram.ext.Application - INFO - Application started
2025-08-10 20:57:11,634 - httpx - INFO - HTTP Request: POST https://api.telegram.org/bot8478680741:AAHguaQAL1bTDTqr3AQke1BqAqLeiv1TXnQ/getUpdates "HTTP/1.1 200 OK"
2025-08-10 20:57:21,849 - httpx - INFO - HTTP Request: POST https://api.telegram.org/bot8478680741:AAHguaQAL1bTDTqr3AQke1BqAqLeiv1TXnQ/getUpdates "HTTP/1.1 200 OK"
2025-08-10 20:57:32,063 - httpx - INFO - HTTP Request: POST https://api.telegram.org/bot8478680741:AAHguaQAL1bTDTqr3AQke1BqAqLeiv1TXnQ/getUpdates "HTTP/1.1 200 OK"
2025-08-10 20:58:13,401 - __main__ - INFO - Iniciando o bot de eco...
2025-08-10 20:58:14,261 - __main__ - INFO - Aplicação do bot criada com sucesso!
2025-08-10 20:58:14,261 - __main__ - INFO - Iniciando o bot...
2025-08-10 20:58:14,983 - httpx - INFO - HTTP Request: POST https://api.telegram.org/bot8478680741:AAHguaQAL1bTDTqr3AQke1BqAqLeiv1TXnQ/getMe "HTTP/1.1 200 OK"
2025-08-10 20:58:15,197 - httpx - INFO - HTTP Request: POST https://api.telegram.org/bot8478680741:AAHguaQAL1bTDTqr3AQke1BqAqLeiv1TXnQ/deleteWebhook "HTTP/1.1 200 OK"
2025-08-10 20:58:15,199 - apscheduler.scheduler - INFO - Scheduler started
2025-08-10 20:58:15,199 - telegram.ext.Application - INFO - Application started
2025-08-10 20:58:25,840 - httpx - INFO - HTTP Request: POST https://api.telegram.org/bot8478680741:AAHguaQAL1bTDTqr3AQke1BqAqLeiv1TXnQ/getUpdates "HTTP/1.1 200 OK"
2025-08-10 20:58:36,054 - httpx - INFO - HTTP Request: POST https://api.telegram.org/bot8478680741:AAHguaQAL1bTDTqr3AQke1BqAqLeiv1TXnQ/getUpdates "HTTP/1.1 200 OK"
2025-08-10 21:01:49,049 - __main__ - INFO - Iniciando o bot de eco...
2025-08-10 21:01:49,826 - __main__ - INFO - Aplicação do bot criada com sucesso!
2025-08-10 21:01:49,826 - __main__ - INFO - Iniciando o bot...
2025-08-10 21:01:50,551 - httpx - INFO - HTTP Request: POST https://api.telegram.org/bot8478680741:AAHguaQAL1bTDTqr3AQke1BqAqLeiv1TXnQ/getMe "HTTP/1.1 200 OK"
2025-08-10 21:01:50,769 - httpx - INFO - HTTP Request: POST https://api.telegram.org/bot8478680741:AAHguaQAL1bTDTqr3AQke1BqAqLeiv1TXnQ/deleteWebhook "HTTP/1.1 200 OK"
2025-08-10 21:01:50,770 - apscheduler.scheduler - INFO - Scheduler started
2025-08-10 21:01:50,771 - telegram.ext.Application - INFO - Application started
2025-08-10 21:02:01,414 - httpx - INFO - HTTP Request: POST https://api.telegram.org/bot8478680741:AAHguaQAL1bTDTqr3AQke1BqAqLeiv1TXnQ/getUpdates "HTTP/1.1 200 OK"
2025-08-10 21:02:11,631 - httpx - INFO - HTTP Request: POST https://api.telegram.org/bot8478680741:AAHguaQAL1bTDTqr3AQke1BqAqLeiv1TXnQ/getUpdates "HTTP/1.1 200 OK"
2025-08-10 21:02:21,848 - httpx - INFO - HTTP Request: POST https://api.telegram.org/bot8478680741:AAHguaQAL1bTDTqr3AQke1BqAqLeiv1TXnQ/getUpdates "HTTP/1.1 200 OK"
2025-08-10 21:02:32,063 - httpx - INFO - HTTP Request: POST https://api.telegram.org/bot8478680741:AAHguaQAL1bTDTqr3AQke1BqAqLeiv1TXnQ/getUpdates "HTTP/1.1 200 OK"
2025-08-10 21:02:42,279 - httpx - INFO - HTTP Request: POST https://api.telegram.org/bot8478680741:AAHguaQAL1bTDTqr3AQke1BqAqLeiv1TXnQ/getUpdates "HTTP/1.1 200 OK"
2025-08-10 21:02:52,494 - httpx - INFO - HTTP Request: POST https://api.telegram.org/bot8478680741:AAHguaQAL1bTDTqr3AQke1BqAqLeiv1TXnQ/getUpdates "HTTP/1.1 200 OK"
2025-08-10 21:03:36,834 - __main__ - INFO - Iniciando o bot de eco...
2025-08-10 21:03:37,545 - __main__ - INFO - Aplicação do bot criada com sucesso!
2025-08-10 21:03:37,545 - __main__ - INFO - Iniciando o bot...
2025-08-10 21:03:38,272 - httpx - INFO - HTTP Request: POST https://api.telegram.org/bot8478680741:AAHguaQAL1bTDTqr3AQke1BqAqLeiv1TXnQ/getMe "HTTP/1.1 200 OK"
2025-08-10 21:03:38,490 - httpx - INFO - HTTP Request: POST https://api.telegram.org/bot8478680741:AAHguaQAL1bTDTqr3AQke1BqAqLeiv1TXnQ/deleteWebhook "HTTP/1.1 200 OK"
2025-08-10 21:03:38,491 - apscheduler.scheduler - INFO - Scheduler started
2025-08-10 21:03:38,491 - telegram.ext.Application - INFO - Application started
2025-08-10 21:03:49,134 - httpx - INFO - HTTP Request: POST https://api.telegram.org/bot8478680741:AAHguaQAL1bTDTqr3AQke1BqAqLeiv1TXnQ/getUpdates "HTTP/1.1 200 OK"
2025-08-10 21:03:59,352 - httpx - INFO - HTTP Request: POST https://api.telegram.org/bot8478680741:AAHguaQAL1bTDTqr3AQke1BqAqLeiv1TXnQ/getUpdates "HTTP/1.1 200 OK"
2025-08-10 21:04:09,567 - httpx - INFO - HTTP Request: POST https://api.telegram.org/bot8478680741:AAHguaQAL1bTDTqr3AQke1BqAqLeiv1TXnQ/getUpdates "HTTP/1.1 200 OK"
2025-08-10 21:04:19,782 - httpx - INFO - HTTP Request: POST https://api.telegram.org/bot8478680741:AAHguaQAL1bTDTqr3AQke1BqAqLeiv1TXnQ/getUpdates "HTTP/1.1 200 OK"
2025-08-10 21:04:29,996 - httpx - INFO - HTTP Request: POST https://api.telegram.org/bot8478680741:AAHguaQAL1bTDTqr3AQke1BqAqLeiv1TXnQ/getUpdates "HTTP/1.1 200 OK"
2025-08-10 21:04:40,211 - httpx - INFO - HTTP Request: POST https://api.telegram.org/bot8478680741:AAHguaQAL1bTDTqr3AQke1BqAqLeiv1TXnQ/getUpdates "HTTP/1.1 200 OK"
2025-08-10 21:04:50,426 - httpx - INFO - HTTP Request: POST https://api.telegram.org/bot8478680741:AAHguaQAL1bTDTqr3AQke1BqAqLeiv1TXnQ/getUpdates "HTTP/1.1 200 OK"
2025-08-10 21:05:10,107 - __main__ - INFO - Iniciando o bot de eco...
2025-08-10 21:05:10,848 - __main__ - INFO - Aplicação do bot criada com sucesso!
2025-08-10 21:05:10,848 - __main__ - INFO - Iniciando o bot...
2025-08-10 21:05:11,583 - httpx - INFO - HTTP Request: POST https://api.telegram.org/bot8478680741:AAHguaQAL1bTDTqr3AQke1BqAqLeiv1TXnQ/getMe "HTTP/1.1 200 OK"
2025-08-10 21:05:11,798 - httpx - INFO - HTTP Request: POST https://api.telegram.org/bot8478680741:AAHguaQAL1bTDTqr3AQke1BqAqLeiv1TXnQ/deleteWebhook "HTTP/1.1 200 OK"
2025-08-10 21:05:11,799 - apscheduler.scheduler - INFO - Scheduler started
2025-08-10 21:05:11,800 - telegram.ext.Application - INFO - Application started
2025-08-10 21:05:22,454 - httpx - INFO - HTTP Request: POST https://api.telegram.org/bot8478680741:AAHguaQAL1bTDTqr3AQke1BqAqLeiv1TXnQ/getUpdates "HTTP/1.1 200 OK"
2025-08-10 21:05:32,672 - httpx - INFO - HTTP Request: POST https://api.telegram.org/bot8478680741:AAHguaQAL1bTDTqr3AQke1BqAqLeiv1TXnQ/getUpdates "HTTP/1.1 200 OK"
2025-08-10 21:05:42,889 - httpx - INFO - HTTP Request: POST https://api.telegram.org/bot8478680741:AAHguaQAL1bTDTqr3AQke1BqAqLeiv1TXnQ/getUpdates "HTTP/1.1 200 OK"
2025-08-10 21:05:53,107 - httpx - INFO - HTTP Request: POST https://api.telegram.org/bot8478680741:AAHguaQAL1bTDTqr3AQke1BqAqLeiv1TXnQ/getUpdates "HTTP/1.1 200 OK"
2025-08-10 21:06:03,326 - httpx - INFO - HTTP Request: POST https://api.telegram.org/bot8478680741:AAHguaQAL1bTDTqr3AQke1BqAqLeiv1TXnQ/getUpdates "HTTP/1.1 200 OK"
2025-08-10 21:06:13,544 - httpx - INFO - HTTP Request: POST https://api.telegram.org/bot8478680741:AAHguaQAL1bTDTqr3AQke1BqAqLeiv1TXnQ/getUpdates "HTTP/1.1 200 OK"
2025-08-10 21:07:15,540 - __main__ - INFO - Iniciando o bot de eco...
2025-08-10 21:07:16,283 - __main__ - INFO - Aplicação do bot criada com sucesso!
2025-08-10 21:07:16,284 - __main__ - INFO - Iniciando o bot...
2025-08-10 21:07:16,992 - httpx - INFO - HTTP Request: POST https://api.telegram.org/bot8478680741:AAHguaQAL1bTDTqr3AQke1BqAqLeiv1TXnQ/getMe "HTTP/1.1 200 OK"
2025-08-10 21:07:17,206 - httpx - INFO - HTTP Request: POST https://api.telegram.org/bot8478680741:AAHguaQAL1bTDTqr3AQke1BqAqLeiv1TXnQ/deleteWebhook "HTTP/1.1 200 OK"
2025-08-10 21:07:17,208 - apscheduler.scheduler - INFO - Scheduler started
2025-08-10 21:07:17,208 - telegram.ext.Application - INFO - Application started
2025-08-10 21:07:27,852 - httpx - INFO - HTTP Request: POST https://api.telegram.org/bot8478680741:AAHguaQAL1bTDTqr3AQke1BqAqLeiv1TXnQ/getUpdates "HTTP/1.1 200 OK"
2025-08-10 21:07:38,067 - httpx - INFO - HTTP Request: POST https://api.telegram.org/bot8478680741:AAHguaQAL1bTDTqr3AQke1BqAqLeiv1TXnQ/getUpdates "HTTP/1.1 200 OK"
2025-08-10 21:07:48,281 - httpx - INFO - HTTP Request: POST https://api.telegram.org/bot8478680741:AAHguaQAL1bTDTqr3AQke1BqAqLeiv1TXnQ/getUpdates "HTTP/1.1 200 OK"
2025-08-10 21:09:44,734 - __main__ - INFO - Iniciando o bot de eco...
2025-08-10 21:09:45,440 - __main__ - INFO - Aplicação do bot criada com sucesso!
2025-08-10 21:09:45,440 - __main__ - INFO - Iniciando o bot...
2025-08-10 21:09:46,156 - httpx - INFO - HTTP Request: POST https://api.telegram.org/bot8478680741:AAHguaQAL1bTDTqr3AQke1BqAqLeiv1TXnQ/getMe "HTTP/1.1 200 OK"
2025-08-10 21:09:46,371 - httpx - INFO - HTTP Request: POST https://api.telegram.org/bot8478680741:AAHguaQAL1bTDTqr3AQke1BqAqLeiv1TXnQ/deleteWebhook "HTTP/1.1 200 OK"
2025-08-10 21:09:46,372 - apscheduler.scheduler - INFO - Scheduler started
2025-08-10 21:09:46,373 - telegram.ext.Application - INFO - Application started
2025-08-10 21:09:57,005 - httpx - INFO - HTTP Request: POST https://api.telegram.org/bot8478680741:AAHguaQAL1bTDTqr3AQke1BqAqLeiv1TXnQ/getUpdates "HTTP/1.1 200 OK"
2025-08-10 21:10:07,215 - httpx - INFO - HTTP Request: POST https://api.telegram.org/bot8478680741:AAHguaQAL1bTDTqr3AQke1BqAqLeiv1TXnQ/getUpdates "HTTP/1.1 200 OK"
2025-08-10 21:10:17,425 - httpx - INFO - HTTP Request: POST https://api.telegram.org/bot8478680741:AAHguaQAL1bTDTqr3AQke1BqAqLeiv1TXnQ/getUpdates "HTTP/1.1 200 OK"
2025-08-10 21:10:27,637 - httpx - INFO - HTTP Request: POST https://api.telegram.org/bot8478680741:AAHguaQAL1bTDTqr3AQke1BqAqLeiv1TXnQ/getUpdates "HTTP/1.1 200 OK"
2025-08-10 21:27:52,620 - __main__ - INFO - Iniciando o bot de eco...
2025-08-10 21:27:53,350 - __main__ - INFO - Aplicação do bot criada com sucesso!
2025-08-10 21:27:53,350 - __main__ - INFO - Iniciando o bot...
2025-08-10 21:27:55,647 - httpx - INFO - HTTP Request: POST https://api.telegram.org/bot8478680741:AAHv2e3pIvWqV0XxONcN9loPNrYwWDsm5fU/getMe "HTTP/1.1 401 Unauthorized"
2025-08-10 21:27:55,648 - telegram.ext - ERROR - Network Retry Loop (Bootstrap Initialize Application): Invalid token. Aborting retry loop.
Traceback (most recent call last):
  File "C:\Users\Eduardo Vitorino\AppData\Roaming\Python\Python313\site-packages\telegram\_bot.py", line 845, in initialize
    await self.get_me()
  File "C:\Users\Eduardo Vitorino\AppData\Roaming\Python\Python313\site-packages\telegram\ext\_extbot.py", line 1981, in get_me
    return await super().get_me(
           ^^^^^^^^^^^^^^^^^^^^^
    ...<5 lines>...
    )
    ^
  File "C:\Users\Eduardo Vitorino\AppData\Roaming\Python\Python313\site-packages\telegram\_bot.py", line 976, in get_me
    result = await self._post(
             ^^^^^^^^^^^^^^^^^
    ...<6 lines>...
    )
    ^
  File "C:\Users\Eduardo Vitorino\AppData\Roaming\Python\Python313\site-packages\telegram\_bot.py", line 698, in _post
    return await self._do_post(
           ^^^^^^^^^^^^^^^^^^^^
    ...<6 lines>...
    )
    ^
  File "C:\Users\Eduardo Vitorino\AppData\Roaming\Python\Python313\site-packages\telegram\ext\_extbot.py", line 370, in _do_post
    return await super()._do_post(
           ^^^^^^^^^^^^^^^^^^^^^^^
    ...<6 lines>...
    )
    ^
  File "C:\Users\Eduardo Vitorino\AppData\Roaming\Python\Python313\site-packages\telegram\_bot.py", line 727, in _do_post
    result = await request.post(
             ^^^^^^^^^^^^^^^^^^^
    ...<6 lines>...
    )
    ^
  File "C:\Users\Eduardo Vitorino\AppData\Roaming\Python\Python313\site-packages\telegram\request\_baserequest.py", line 197, in post
    result = await self._request_wrapper(
             ^^^^^^^^^^^^^^^^^^^^^^^^^^^^
    ...<7 lines>...
    )
    ^
  File "C:\Users\Eduardo Vitorino\AppData\Roaming\Python\Python313\site-packages\telegram\request\_baserequest.py", line 374, in _request_wrapper
    raise exception
telegram.error.InvalidToken: Unauthorized

The above exception was the direct cause of the following exception:

Traceback (most recent call last):
  File "C:\Users\Eduardo Vitorino\AppData\Roaming\Python\Python313\site-packages\telegram\ext\_utils\networkloop.py", line 115, in network_retry_loop
    if not await do_action():
           ^^^^^^^^^^^^^^^^^
  File "C:\Users\Eduardo Vitorino\AppData\Roaming\Python\Python313\site-packages\telegram\ext\_utils\networkloop.py", line 93, in do_action
    return await action_cb()
           ^^^^^^^^^^^^^^^^^
  File "C:\Users\Eduardo Vitorino\AppData\Roaming\Python\Python313\site-packages\telegram\ext\_application.py", line 489, in initialize
    await self.bot.initialize()
  File "C:\Users\Eduardo Vitorino\AppData\Roaming\Python\Python313\site-packages\telegram\ext\_extbot.py", line 316, in initialize
    await super().initialize()
  File "C:\Users\Eduardo Vitorino\AppData\Roaming\Python\Python313\site-packages\telegram\_bot.py", line 847, in initialize
    raise InvalidToken(f"The token `{self._token}` was rejected by the server.") from exc
telegram.error.InvalidToken: The token `8478680741:AAHv2e3pIvWqV0XxONcN9loPNrYwWDsm5fU` was rejected by the server.
2025-08-10 21:27:55,654 - __main__ - ERROR - Erro ao iniciar o bot: The token `8478680741:AAHv2e3pIvWqV0XxONcN9loPNrYwWDsm5fU` was rejected by the server.
Traceback (most recent call last):
  File "C:\Users\Eduardo Vitorino\AppData\Roaming\Python\Python313\site-packages\telegram\_bot.py", line 845, in initialize
    await self.get_me()
  File "C:\Users\Eduardo Vitorino\AppData\Roaming\Python\Python313\site-packages\telegram\ext\_extbot.py", line 1981, in get_me
    return await super().get_me(
           ^^^^^^^^^^^^^^^^^^^^^
    ...<5 lines>...
    )
    ^
  File "C:\Users\Eduardo Vitorino\AppData\Roaming\Python\Python313\site-packages\telegram\_bot.py", line 976, in get_me
    result = await self._post(
             ^^^^^^^^^^^^^^^^^
    ...<6 lines>...
    )
    ^
  File "C:\Users\Eduardo Vitorino\AppData\Roaming\Python\Python313\site-packages\telegram\_bot.py", line 698, in _post
    return await self._do_post(
           ^^^^^^^^^^^^^^^^^^^^
    ...<6 lines>...
    )
    ^
  File "C:\Users\Eduardo Vitorino\AppData\Roaming\Python\Python313\site-packages\telegram\ext\_extbot.py", line 370, in _do_post
    return await super()._do_post(
           ^^^^^^^^^^^^^^^^^^^^^^^
    ...<6 lines>...
    )
    ^
  File "C:\Users\Eduardo Vitorino\AppData\Roaming\Python\Python313\site-packages\telegram\_bot.py", line 727, in _do_post
    result = await request.post(
             ^^^^^^^^^^^^^^^^^^^
    ...<6 lines>...
    )
    ^
  File "C:\Users\Eduardo Vitorino\AppData\Roaming\Python\Python313\site-packages\telegram\request\_baserequest.py", line 197, in post
    result = await self._request_wrapper(
             ^^^^^^^^^^^^^^^^^^^^^^^^^^^^
    ...<7 lines>...
    )
    ^
  File "C:\Users\Eduardo Vitorino\AppData\Roaming\Python\Python313\site-packages\telegram\request\_baserequest.py", line 374, in _request_wrapper
    raise exception
telegram.error.InvalidToken: Unauthorized

The above exception was the direct cause of the following exception:

Traceback (most recent call last):
  File "C:\Users\Eduardo Vitorino\CascadeProjects\windsurf-project\simple_echo_bot.py", line 62, in main
    application.run_polling(drop_pending_updates=True)
    ~~~~~~~~~~~~~~~~~~~~~~~^^^^^^^^^^^^^^^^^^^^^^^^^^^
  File "C:\Users\Eduardo Vitorino\AppData\Roaming\Python\Python313\site-packages\telegram\ext\_application.py", line 839, in run_polling
    return self.__run(
           ~~~~~~~~~~^
        updater_coroutine=self.updater.start_polling(
        ^^^^^^^^^^^^^^^^^^^^^^^^^^^^^^^^^^^^^^^^^^^^^
    ...<9 lines>...
        close_loop=close_loop,
        ^^^^^^^^^^^^^^^^^^^^^^
    )
    ^
  File "C:\Users\Eduardo Vitorino\AppData\Roaming\Python\Python313\site-packages\telegram\ext\_application.py", line 1049, in __run
    loop.run_until_complete(self._bootstrap_initialize(max_retries=bootstrap_retries))
    ~~~~~~~~~~~~~~~~~~~~~~~^^^^^^^^^^^^^^^^^^^^^^^^^^^^^^^^^^^^^^^^^^^^^^^^^^^^^^^^^^^
  File "C:\Python313\Lib\asyncio\base_events.py", line 725, in run_until_complete
    return future.result()
           ~~~~~~~~~~~~~^^
  File "C:\Users\Eduardo Vitorino\AppData\Roaming\Python\Python313\site-packages\telegram\ext\_application.py", line 1014, in _bootstrap_initialize
    await network_retry_loop(
    ...<4 lines>...
    )
  File "C:\Users\Eduardo Vitorino\AppData\Roaming\Python\Python313\site-packages\telegram\ext\_utils\networkloop.py", line 115, in network_retry_loop
    if not await do_action():
           ^^^^^^^^^^^^^^^^^
  File "C:\Users\Eduardo Vitorino\AppData\Roaming\Python\Python313\site-packages\telegram\ext\_utils\networkloop.py", line 93, in do_action
    return await action_cb()
           ^^^^^^^^^^^^^^^^^
  File "C:\Users\Eduardo Vitorino\AppData\Roaming\Python\Python313\site-packages\telegram\ext\_application.py", line 489, in initialize
    await self.bot.initialize()
  File "C:\Users\Eduardo Vitorino\AppData\Roaming\Python\Python313\site-packages\telegram\ext\_extbot.py", line 316, in initialize
    await super().initialize()
  File "C:\Users\Eduardo Vitorino\AppData\Roaming\Python\Python313\site-packages\telegram\_bot.py", line 847, in initialize
    raise InvalidToken(f"The token `{self._token}` was rejected by the server.") from exc
telegram.error.InvalidToken: The token `8478680741:AAHv2e3pIvWqV0XxONcN9loPNrYwWDsm5fU` was rejected by the server.
2025-08-10 21:30:47,619 - __main__ - INFO - Iniciando o bot de eco...
2025-08-10 21:30:48,393 - __main__ - INFO - Aplicação do bot criada com sucesso!
2025-08-10 21:30:48,393 - __main__ - INFO - Iniciando o bot...
2025-08-10 21:30:49,108 - httpx - INFO - HTTP Request: POST https://api.telegram.org/bot8478680741:AAHguaQAL1bTDTqr3AQke1BqAqLeiv1TXnQ/getMe "HTTP/1.1 200 OK"
2025-08-10 21:30:49,328 - httpx - INFO - HTTP Request: POST https://api.telegram.org/bot8478680741:AAHguaQAL1bTDTqr3AQke1BqAqLeiv1TXnQ/deleteWebhook "HTTP/1.1 200 OK"
2025-08-10 21:30:49,329 - apscheduler.scheduler - INFO - Scheduler started
2025-08-10 21:30:49,330 - telegram.ext.Application - INFO - Application started
2025-08-10 21:30:59,967 - httpx - INFO - HTTP Request: POST https://api.telegram.org/bot8478680741:AAHguaQAL1bTDTqr3AQke1BqAqLeiv1TXnQ/getUpdates "HTTP/1.1 200 OK"
2025-08-10 21:31:10,177 - httpx - INFO - HTTP Request: POST https://api.telegram.org/bot8478680741:AAHguaQAL1bTDTqr3AQke1BqAqLeiv1TXnQ/getUpdates "HTTP/1.1 200 OK"
2025-08-10 21:31:20,390 - httpx - INFO - HTTP Request: POST https://api.telegram.org/bot8478680741:AAHguaQAL1bTDTqr3AQke1BqAqLeiv1TXnQ/getUpdates "HTTP/1.1 200 OK"
2025-08-10 21:31:30,601 - httpx - INFO - HTTP Request: POST https://api.telegram.org/bot8478680741:AAHguaQAL1bTDTqr3AQke1BqAqLeiv1TXnQ/getUpdates "HTTP/1.1 200 OK"
2025-08-10 21:31:40,816 - httpx - INFO - HTTP Request: POST https://api.telegram.org/bot8478680741:AAHguaQAL1bTDTqr3AQke1BqAqLeiv1TXnQ/getUpdates "HTTP/1.1 200 OK"
2025-08-10 21:31:51,027 - httpx - INFO - HTTP Request: POST https://api.telegram.org/bot8478680741:AAHguaQAL1bTDTqr3AQke1BqAqLeiv1TXnQ/getUpdates "HTTP/1.1 200 OK"
2025-08-10 21:32:01,237 - httpx - INFO - HTTP Request: POST https://api.telegram.org/bot8478680741:AAHguaQAL1bTDTqr3AQke1BqAqLeiv1TXnQ/getUpdates "HTTP/1.1 200 OK"
2025-08-10 21:32:11,448 - httpx - INFO - HTTP Request: POST https://api.telegram.org/bot8478680741:AAHguaQAL1bTDTqr3AQke1BqAqLeiv1TXnQ/getUpdates "HTTP/1.1 200 OK"
2025-08-10 21:32:21,662 - httpx - INFO - HTTP Request: POST https://api.telegram.org/bot8478680741:AAHguaQAL1bTDTqr3AQke1BqAqLeiv1TXnQ/getUpdates "HTTP/1.1 200 OK"
2025-08-10 21:32:31,879 - httpx - INFO - HTTP Request: POST https://api.telegram.org/bot8478680741:AAHguaQAL1bTDTqr3AQke1BqAqLeiv1TXnQ/getUpdates "HTTP/1.1 200 OK"
2025-08-10 21:32:42,090 - httpx - INFO - HTTP Request: POST https://api.telegram.org/bot8478680741:AAHguaQAL1bTDTqr3AQke1BqAqLeiv1TXnQ/getUpdates "HTTP/1.1 200 OK"
2025-08-10 21:32:52,302 - httpx - INFO - HTTP Request: POST https://api.telegram.org/bot8478680741:AAHguaQAL1bTDTqr3AQke1BqAqLeiv1TXnQ/getUpdates "HTTP/1.1 200 OK"
2025-08-10 21:33:02,513 - httpx - INFO - HTTP Request: POST https://api.telegram.org/bot8478680741:AAHguaQAL1bTDTqr3AQke1BqAqLeiv1TXnQ/getUpdates "HTTP/1.1 200 OK"
2025-08-10 21:33:12,726 - httpx - INFO - HTTP Request: POST https://api.telegram.org/bot8478680741:AAHguaQAL1bTDTqr3AQke1BqAqLeiv1TXnQ/getUpdates "HTTP/1.1 200 OK"
2025-08-10 21:33:22,938 - httpx - INFO - HTTP Request: POST https://api.telegram.org/bot8478680741:AAHguaQAL1bTDTqr3AQke1BqAqLeiv1TXnQ/getUpdates "HTTP/1.1 200 OK"
2025-08-10 21:33:33,149 - httpx - INFO - HTTP Request: POST https://api.telegram.org/bot8478680741:AAHguaQAL1bTDTqr3AQke1BqAqLeiv1TXnQ/getUpdates "HTTP/1.1 200 OK"
2025-08-10 21:33:43,372 - httpx - INFO - HTTP Request: POST https://api.telegram.org/bot8478680741:AAHguaQAL1bTDTqr3AQke1BqAqLeiv1TXnQ/getUpdates "HTTP/1.1 200 OK"
2025-08-10 21:33:53,585 - httpx - INFO - HTTP Request: POST https://api.telegram.org/bot8478680741:AAHguaQAL1bTDTqr3AQke1BqAqLeiv1TXnQ/getUpdates "HTTP/1.1 200 OK"
2025-08-10 21:34:03,800 - httpx - INFO - HTTP Request: POST https://api.telegram.org/bot8478680741:AAHguaQAL1bTDTqr3AQke1BqAqLeiv1TXnQ/getUpdates "HTTP/1.1 200 OK"
2025-08-10 21:34:14,013 - httpx - INFO - HTTP Request: POST https://api.telegram.org/bot8478680741:AAHguaQAL1bTDTqr3AQke1BqAqLeiv1TXnQ/getUpdates "HTTP/1.1 200 OK"
2025-08-10 21:34:24,223 - httpx - INFO - HTTP Request: POST https://api.telegram.org/bot8478680741:AAHguaQAL1bTDTqr3AQke1BqAqLeiv1TXnQ/getUpdates "HTTP/1.1 200 OK"
2025-08-10 21:34:34,434 - httpx - INFO - HTTP Request: POST https://api.telegram.org/bot8478680741:AAHguaQAL1bTDTqr3AQke1BqAqLeiv1TXnQ/getUpdates "HTTP/1.1 200 OK"
2025-08-10 21:34:44,645 - httpx - INFO - HTTP Request: POST https://api.telegram.org/bot8478680741:AAHguaQAL1bTDTqr3AQke1BqAqLeiv1TXnQ/getUpdates "HTTP/1.1 200 OK"
2025-08-10 21:34:53,097 - httpx - INFO - HTTP Request: POST https://api.telegram.org/bot8478680741:AAHguaQAL1bTDTqr3AQke1BqAqLeiv1TXnQ/getUpdates "HTTP/1.1 200 OK"
2025-08-10 21:34:53,098 - __main__ - INFO - Comando /start recebido de EduardoVitorino1 (ID: 1980848673)
2025-08-10 21:34:53,889 - httpx - INFO - HTTP Request: POST https://api.telegram.org/bot8478680741:AAHguaQAL1bTDTqr3AQke1BqAqLeiv1TXnQ/sendMessage "HTTP/1.1 200 OK"
2025-08-10 21:35:03,314 - httpx - INFO - HTTP Request: POST https://api.telegram.org/bot8478680741:AAHguaQAL1bTDTqr3AQke1BqAqLeiv1TXnQ/getUpdates "HTTP/1.1 200 OK"
2025-08-10 21:35:05,399 - httpx - INFO - HTTP Request: POST https://api.telegram.org/bot8478680741:AAHguaQAL1bTDTqr3AQke1BqAqLeiv1TXnQ/getUpdates "HTTP/1.1 200 OK"
2025-08-10 21:35:15,610 - httpx - INFO - HTTP Request: POST https://api.telegram.org/bot8478680741:AAHguaQAL1bTDTqr3AQke1BqAqLeiv1TXnQ/getUpdates "HTTP/1.1 200 OK"
2025-08-10 21:35:25,821 - httpx - INFO - HTTP Request: POST https://api.telegram.org/bot8478680741:AAHguaQAL1bTDTqr3AQke1BqAqLeiv1TXnQ/getUpdates "HTTP/1.1 200 OK"
2025-08-10 21:35:36,035 - httpx - INFO - HTTP Request: POST https://api.telegram.org/bot8478680741:AAHguaQAL1bTDTqr3AQke1BqAqLeiv1TXnQ/getUpdates "HTTP/1.1 200 OK"
2025-08-10 21:35:46,248 - httpx - INFO - HTTP Request: POST https://api.telegram.org/bot8478680741:AAHguaQAL1bTDTqr3AQke1BqAqLeiv1TXnQ/getUpdates "HTTP/1.1 200 OK"
2025-08-10 21:35:56,464 - httpx - INFO - HTTP Request: POST https://api.telegram.org/bot8478680741:AAHguaQAL1bTDTqr3AQke1BqAqLeiv1TXnQ/getUpdates "HTTP/1.1 200 OK"
2025-08-10 21:36:06,677 - httpx - INFO - HTTP Request: POST https://api.telegram.org/bot8478680741:AAHguaQAL1bTDTqr3AQke1BqAqLeiv1TXnQ/getUpdates "HTTP/1.1 200 OK"
2025-08-10 21:36:16,890 - httpx - INFO - HTTP Request: POST https://api.telegram.org/bot8478680741:AAHguaQAL1bTDTqr3AQke1BqAqLeiv1TXnQ/getUpdates "HTTP/1.1 200 OK"
2025-08-10 21:36:27,101 - httpx - INFO - HTTP Request: POST https://api.telegram.org/bot8478680741:AAHguaQAL1bTDTqr3AQke1BqAqLeiv1TXnQ/getUpdates "HTTP/1.1 200 OK"
2025-08-10 21:36:37,313 - httpx - INFO - HTTP Request: POST https://api.telegram.org/bot8478680741:AAHguaQAL1bTDTqr3AQke1BqAqLeiv1TXnQ/getUpdates "HTTP/1.1 200 OK"
2025-08-10 21:36:45,835 - httpx - INFO - HTTP Request: POST https://api.telegram.org/bot8478680741:AAHguaQAL1bTDTqr3AQke1BqAqLeiv1TXnQ/getUpdates "HTTP/1.1 200 OK"
2025-08-10 21:36:45,835 - __main__ - INFO - Mensagem recebida de EduardoVitorino1 (ID: 1980848673): salve
2025-08-10 21:36:46,611 - httpx - INFO - HTTP Request: POST https://api.telegram.org/bot8478680741:AAHguaQAL1bTDTqr3AQke1BqAqLeiv1TXnQ/sendMessage "HTTP/1.1 200 OK"
2025-08-10 21:36:56,047 - httpx - INFO - HTTP Request: POST https://api.telegram.org/bot8478680741:AAHguaQAL1bTDTqr3AQke1BqAqLeiv1TXnQ/getUpdates "HTTP/1.1 200 OK"
2025-08-10 21:37:06,257 - httpx - INFO - HTTP Request: POST https://api.telegram.org/bot8478680741:AAHguaQAL1bTDTqr3AQke1BqAqLeiv1TXnQ/getUpdates "HTTP/1.1 200 OK"
2025-08-10 21:37:16,468 - httpx - INFO - HTTP Request: POST https://api.telegram.org/bot8478680741:AAHguaQAL1bTDTqr3AQke1BqAqLeiv1TXnQ/getUpdates "HTTP/1.1 200 OK"
2025-08-10 21:37:26,681 - httpx - INFO - HTTP Request: POST https://api.telegram.org/bot8478680741:AAHguaQAL1bTDTqr3AQke1BqAqLeiv1TXnQ/getUpdates "HTTP/1.1 200 OK"
2025-08-10 21:37:36,895 - httpx - INFO - HTTP Request: POST https://api.telegram.org/bot8478680741:AAHguaQAL1bTDTqr3AQke1BqAqLeiv1TXnQ/getUpdates "HTTP/1.1 200 OK"
2025-08-10 21:37:47,105 - httpx - INFO - HTTP Request: POST https://api.telegram.org/bot8478680741:AAHguaQAL1bTDTqr3AQke1BqAqLeiv1TXnQ/getUpdates "HTTP/1.1 200 OK"
