2025-08-09 15:38:44,175 - __main__ - INFO - ============================================================
2025-08-09 15:38:44,179 - __main__ - INFO - ----------------------------------------
2025-08-09 15:38:44,181 - magalu_scraper - INFO - Buscando ofertas na página 1...
2025-08-09 15:38:45,938 - magalu_scraper - WARNING - Nenhum produto encontrado na página 1
2025-08-09 15:38:45,950 - magalu_scraper - WARNING - Nenhum produto encontrado com o seletor alternativo
2025-08-09 15:38:45,950 - magalu_scraper - INFO - Busca concluída. Total de 0 ofertas encontradas.
2025-08-09 15:38:45,959 - __main__ - INFO - ----------------------------------------
2025-08-09 15:38:45,963 - __main__ - INFO -    Afiliado: https://www.magazinevoce.com.br/magazinegarimpeirogeek/notebook-lenovo-ideapad-3i-intel-core-i5-8gb-256gb-ssd-15-6-hd-windows-11-82bs011rbr/p/235918500/te/3i2i/
2025-08-09 15:38:45,968 - __main__ - INFO -    Afiliado: https://www.amazon.com.br/dp/B0CQZ4QZQZ?tag=garimpeirogee-20
2025-08-09 15:38:45,972 - __main__ - INFO -    Afiliado: https://www.kabum.com.br/produto/123456
2025-08-09 15:38:45,979 - __main__ - INFO - ----------------------------------------
2025-08-09 15:38:46,008 - __main__ - INFO -    Status (deve ser False para duplicata): False
2025-08-09 15:38:46,016 - __main__ - INFO - ----------------------------------------
2025-08-09 15:38:46,027 - __main__ - INFO - ============================================================
2025-08-09 15:38:52,860 - __main__ - INFO - ============================================================
2025-08-09 15:38:52,862 - __main__ - INFO - ----------------------------------------
2025-08-09 15:38:52,864 - magalu_scraper - INFO - Buscando ofertas na página 1...
2025-08-09 15:38:54,810 - magalu_scraper - WARNING - Nenhum produto encontrado na página 1
2025-08-09 15:38:54,822 - magalu_scraper - WARNING - Nenhum produto encontrado com o seletor alternativo
2025-08-09 15:38:54,822 - magalu_scraper - INFO - Busca concluída. Total de 0 ofertas encontradas.
2025-08-09 15:38:54,833 - __main__ - INFO - ----------------------------------------
2025-08-09 15:38:54,837 - __main__ - INFO -    Afiliado: https://www.magazinevoce.com.br/magazinegarimpeirogeek/notebook-lenovo-ideapad-3i-intel-core-i5-8gb-256gb-ssd-15-6-hd-windows-11-82bs011rbr/p/235918500/te/3i2i/
2025-08-09 15:38:54,841 - __main__ - INFO -    Afiliado: https://www.amazon.com.br/dp/B0CQZ4QZQZ?tag=garimpeirogee-20
2025-08-09 15:38:54,845 - __main__ - INFO -    Afiliado: https://www.kabum.com.br/produto/123456
2025-08-09 15:38:54,852 - __main__ - INFO - ----------------------------------------
2025-08-09 15:38:54,874 - __main__ - INFO -    Status (deve ser False para duplicata): False
2025-08-09 15:38:54,882 - __main__ - INFO - ----------------------------------------
2025-08-09 15:38:54,893 - __main__ - INFO - ============================================================
