2025-08-09 15:23:36,477 - promobit_scraper - INFO - === INÍCIO DO TESTE DO SCRAPER PROMOBIT ===
2025-08-09 15:23:36,478 - promobit_scraper - INFO - Configurações iniciais:
2025-08-09 15:23:36,478 - promobit_scraper - INFO - - Categorias disponíveis: ['informatica', 'eletronicos', 'games', 'celulares']
2025-08-09 15:23:36,478 - promobit_scraper - INFO - - URL base: https://www.promobit.com.br/
2025-08-09 15:23:36,479 - promobit_scraper - INFO - Headers da requisição:
2025-08-09 15:23:36,479 - promobit_scraper - INFO -   Accept: text/html,application/xhtml+xml,application/xml;q=0.9,image/webp,*/*;q=0.8
2025-08-09 15:23:36,479 - promobit_scraper - INFO -   Accept-Language: pt-BR,pt;q=0.9,en-US;q=0.8,en;q=0.7
2025-08-09 15:23:36,479 - promobit_scraper - INFO -   Accept-Encoding: gzip, deflate, br
2025-08-09 15:23:36,479 - promobit_scraper - INFO -   Connection: keep-alive
2025-08-09 15:23:36,480 - promobit_scraper - INFO -   DNT: 1
2025-08-09 15:23:36,480 - promobit_scraper - INFO -   Upgrade-Insecure-Requests: 1
2025-08-09 15:23:36,480 - promobit_scraper - INFO -   Sec-Fetch-Dest: document
2025-08-09 15:23:36,480 - promobit_scraper - INFO -   Sec-Fetch-Mode: navigate
2025-08-09 15:23:36,481 - promobit_scraper - INFO -   Sec-Fetch-Site: same-origin
2025-08-09 15:23:36,481 - promobit_scraper - INFO -   Sec-Fetch-User: ?1
2025-08-09 15:23:36,481 - promobit_scraper - INFO -   Cache-Control: max-age=0
2025-08-09 15:23:36,481 - promobit_scraper - INFO -   User-Agent: Mozilla/5.0 (Windows NT 10.0; Win64; x64) AppleWebKit/537.36 (KHTML, like Gecko) Chrome/91.0.4472.124 Safari/537.36
2025-08-09 15:23:36,482 - promobit_scraper - INFO - Sessão aiohttp criada com sucesso
2025-08-09 15:23:36,482 - promobit_scraper - INFO - 
=== TESTE DE CONEXÃO COM A PÁGINA INICIAL ===
2025-08-09 15:23:36,482 - promobit_scraper - INFO - Testando conexão com: https://www.promobit.com.br/
2025-08-09 15:23:36,543 - promobit_scraper - INFO - Status da resposta: 200
2025-08-09 15:23:36,543 - promobit_scraper - INFO - URL final após redirecionamentos: https://www.promobit.com.br/
2025-08-09 15:23:36,544 - promobit_scraper - INFO - Tipo de conteúdo: text/html; charset=utf-8
2025-08-09 15:23:36,544 - promobit_scraper - INFO - Tamanho do conteúdo: 285936 bytes
2025-08-09 15:23:36,545 - promobit_scraper - INFO - Página inicial salva em 'promobit_homepage.html'
2025-08-09 15:23:36,548 - promobit_scraper - INFO - Palavras-chave 'ofertas' ou 'promoções' encontradas na página inicial.
2025-08-09 15:23:36,548 - promobit_scraper - INFO - 
=== INICIANDO BUSCA POR OFERTAS ===
2025-08-09 15:23:38,076 - promobit_scraper - INFO - Buscando ofertas na página 1 - https://www.promobit.com.br/ofertas/informatica
2025-08-09 15:23:38,076 - promobit_scraper - INFO - Fazendo requisição para: https://www.promobit.com.br/ofertas/informatica
2025-08-09 15:23:38,077 - promobit_scraper - DEBUG - Headers da requisição: {'Accept': 'text/html,application/xhtml+xml,application/xml;q=0.9,image/webp,*/*;q=0.8', 'Accept-Language': 'pt-BR,pt;q=0.9,en-US;q=0.8,en;q=0.7', 'Accept-Encoding': 'gzip, deflate, br', 'Connection': 'keep-alive', 'DNT': '1', 'Upgrade-Insecure-Requests': '1', 'Sec-Fetch-Dest': 'document', 'Sec-Fetch-Mode': 'navigate', 'Sec-Fetch-Site': 'same-origin', 'Sec-Fetch-User': '?1', 'Cache-Control': 'max-age=0', 'User-Agent': 'Mozilla/5.0 (Windows NT 10.0; Win64; x64) AppleWebKit/537.36 (KHTML, like Gecko) Chrome/92.0.4515.159 Safari/537.36'}
2025-08-09 15:23:38,290 - promobit_scraper - INFO - Status da resposta: 404
2025-08-09 15:23:38,290 - promobit_scraper - DEBUG - Headers da resposta: {'Date': 'Sat, 09 Aug 2025 18:23:38 GMT', 'Content-Type': 'text/html; charset=UTF-8', 'Transfer-Encoding': 'chunked', 'Connection': 'keep-alive', 'Keep-Alive': 'timeout=15', 'Expires': 'Thu, 19 Nov 1981 08:52:00 GMT', 'Pragma': 'no-cache', 'X-GoCache-CacheStatus': 'MISS', 'Server': 'gocache', 'X-XSS-Protection': '1; mode=block', 'X-Content-Type-Options': 'nosniff', 'Strict-Transport-Security': 'max-age=63072000; includeSubDomains; preload', 'Content-Encoding': 'br'}
2025-08-09 15:23:38,291 - promobit_scraper - ERROR - Erro na requisição: Status 404 para URL: https://www.promobit.com.br/ofertas/informatica
2025-08-09 15:23:38,291 - promobit_scraper - ERROR - URL de redirecionamento: https://www.promobit.com.br/ofertas/informatica/
2025-08-09 15:23:38,291 - promobit_scraper - ERROR - Conteúdo do erro: <!DOCTYPE html>
<!--                             _     _ _
                                | |   (_) |
 _ __  _ __ ___  _ __ ___   ___ | |__  _| |_
| '_ \| '__/ _ \| '_ ` _ \ / _ \| '_ \| | __|
| |_) | | | (_) | | | | | | (_) | |_) | | |_
| .__/|_|  \___/|_| |_| |_|\___/|_.__/|_|\__|
| |
|_|          AS MELHORES OFERTAS DA INTERNET
-->

<html lang="pt-BR">
<head>
	<meta charset="UTF-8">
				<link rel="preload" as="image" href="/imgs/banner/extensions/Extensao_azul.png">
			<meta name="viewport" ...
2025-08-09 15:23:38,292 - promobit_scraper - INFO - Busca concluída. Total de ofertas encontradas: 0
2025-08-09 15:23:38,292 - promobit_scraper - INFO - Busca concluída. Total de ofertas encontradas: 0
2025-08-09 15:23:38,292 - promobit_scraper - INFO - Ofertas salvas em 'ofertas_promobit.json'
