2025-08-09 15:17:08,650 - promobit_check_simple - INFO - === Iniciando verificação do site Promobit ===
2025-08-09 15:17:08,650 - promobit_check_simple - INFO - 
=== Verificando Página Inicial ===
2025-08-09 15:17:08,650 - promobit_check_simple - INFO - URL: https://www.promobit.com.br
2025-08-09 15:17:09,176 - promobit_check_simple - INFO - Status Code: 200
2025-08-09 15:17:09,177 - promobit_check_simple - INFO - Tempo de resposta: 0.53 segundos
2025-08-09 15:17:09,177 - promobit_check_simple - INFO - Tamanho da resposta: 286727 bytes
2025-08-09 15:17:09,177 - promobit_check_simple - INFO - Tipo de conteúdo: text/html; charset=utf-8
2025-08-09 15:17:09,179 - promobit_check_simple - INFO - Resposta salva em 'response_página_inicial_20250809_151709.html'
2025-08-09 15:17:11,182 - promobit_check_simple - INFO - 
=== Verificando Categoria Informática ===
2025-08-09 15:17:11,182 - promobit_check_simple - INFO - URL: https://www.promobit.com.br/ofertas/1?categoria=informatica
2025-08-09 15:17:11,349 - promobit_check_simple - INFO - Status Code: 404
2025-08-09 15:17:11,349 - promobit_check_simple - INFO - Tempo de resposta: 0.17 segundos
2025-08-09 15:17:11,349 - promobit_check_simple - INFO - Tamanho da resposta: 57433 bytes
2025-08-09 15:17:11,349 - promobit_check_simple - INFO - Tipo de conteúdo: text/html; charset=UTF-8
2025-08-09 15:17:11,350 - promobit_check_simple - WARNING - Redirecionado 1 vezes
2025-08-09 15:17:11,350 - promobit_check_simple - WARNING -   1. 301 https://www.promobit.com.br/ofertas/1?categoria=informatica
2025-08-09 15:17:11,351 - promobit_check_simple - INFO - Resposta salva em 'response_categoria_informática_20250809_151711.html'
2025-08-09 15:17:11,351 - promobit_check_simple - INFO - 
=== Verificação concluída ===
2025-08-09 15:17:11,352 - promobit_check_simple - WARNING - Apenas uma das páginas foi verificada com sucesso.
