2025-08-09 14:53:04,366 - promobit_check - INFO - === Iniciando verificação do site Promobit ===
2025-08-09 14:53:04,367 - asyncio - DEBUG - Using proactor: IocpProactor
2025-08-09 14:53:04,368 - promobit_check - INFO - 
=== Verificando acesso à página inicial ===
2025-08-09 14:53:04,368 - promobit_check - INFO - Fazendo requisição para: https://www.promobit.com.br
2025-08-09 14:53:04,368 - promobit_check - DEBUG - Headers: {'User-Agent': 'Mozilla/5.0 (Windows NT 10.0; Win64; x64) AppleWebKit/537.36 (KHTML, like Gecko) Chrome/91.0.4472.124 Safari/537.36', 'Accept': 'text/html,application/xhtml+xml,application/xml;q=0.9,image/webp,*/*;q=0.8', 'Accept-Language': 'pt-BR,pt;q=0.8,en-US;q=0.5,en;q=0.3', 'Accept-Encoding': 'gzip, deflate, br', 'Connection': 'keep-alive', 'Upgrade-Insecure-Requests': '1', 'Sec-Fetch-Dest': 'document', 'Sec-Fetch-Mode': 'navigate', 'Sec-Fetch-Site': 'none', 'Sec-Fetch-User': '?1', 'Cache-Control': 'max-age=0'}
2025-08-09 14:53:04,449 - promobit_check - INFO - Status da resposta: 200
2025-08-09 14:53:04,449 - promobit_check - DEBUG - Headers da resposta: {'Date': 'Sat, 09 Aug 2025 17:53:04 GMT', 'Content-Type': 'text/html; charset=utf-8', 'Transfer-Encoding': 'chunked', 'Connection': 'keep-alive', 'Keep-Alive': 'timeout=15', 'Set-Cookie': '__goc_session__=oxpnejasxcpfnvqycpekwynngtugsnwo; expires=Sat, 16-Aug-25 17:53:04 GMT; SameSite=Lax; path=/; secure; HttpOnly', 'X-Powered-By': 'Next.js', 'Etag': 'W/"ga41ra727d64c3"', 'X-Cache': 'Miss from cloudfront', 'Via': '1.1 b2c24be324c776763aee521d2557d334.cloudfront.net (CloudFront)', 'X-Amz-Cf-Pop': 'GRU3-P12', 'Alt-Svc': 'h3=":443"; ma=86400', 'X-Amz-Cf-Id': 'SNSgNdXpw-TDFnr3H40nleutX6-X05gA3mvt1c707-xBX9Eosk7wsQ==', 'X-GoCache-CacheStatus': 'HIT', 'Server': 'gocache', 'X-XSS-Protection': '1; mode=block', 'X-Content-Type-Options': 'nosniff', 'Strict-Transport-Security': 'max-age=63072000; includeSubDomains; preload', 'Content-Encoding': 'br'}
2025-08-09 14:53:04,450 - promobit_check - INFO - Tamanho do conteúdo: 286104 bytes
2025-08-09 14:53:04,450 - promobit_check - INFO - Tipo de conteúdo: text/html; charset=utf-8
2025-08-09 14:53:04,450 - promobit_check - DEBUG - Primeiros 500 caracteres do HTML: <!DOCTYPE html><html lang="pt-BR"><head><meta charSet="utf-8"/><title>As Melhores Ofertas | Promoções e Cupons é no Promobit</title><meta name="description" content="Encontre as Melhores Ofertas e Cupons no Promobit. Reunimos promoções de Smartphones, TVs, Moda e muito mais. O menor preço nas melhores lojas."/><meta name="twitter:card" content="summary"/><meta name="twitter:site" content="@promobitoficial"/><meta name="twitter:creator" content="@promobitoficial"/><meta property="fb:app_id" conte
2025-08-09 14:53:04,461 - promobit_check - INFO - Página inicial salva em 'promobit_home.html'
2025-08-09 14:53:04,508 - promobit_check - INFO - 
Analisando elementos em: Página inicial
2025-08-09 14:53:04,509 - promobit_check - INFO - Título da página: As Melhores Ofertas | Promoções e Cupons é no Promobit
2025-08-09 14:53:04,521 - promobit_check - INFO - Ofertas encontradas: 0
2025-08-09 14:53:04,521 - promobit_check - WARNING - Nenhuma oferta encontrada com o seletor 'article[data-testid="offer-card"]'
2025-08-09 14:53:04,939 - promobit_check - WARNING - Nenhum dos seletores alternativos retornou resultados
2025-08-09 14:53:06,949 - promobit_check - INFO - 
=== Verificando acesso à categoria de informática ===
2025-08-09 14:53:06,949 - promobit_check - INFO - Fazendo requisição para: https://www.promobit.com.br/ofertas/1?categoria=informatica
2025-08-09 14:53:06,950 - promobit_check - DEBUG - Headers: {'User-Agent': 'Mozilla/5.0 (Windows NT 10.0; Win64; x64) AppleWebKit/537.36 (KHTML, like Gecko) Chrome/91.0.4472.124 Safari/537.36', 'Accept': 'text/html,application/xhtml+xml,application/xml;q=0.9,image/webp,*/*;q=0.8', 'Accept-Language': 'pt-BR,pt;q=0.8,en-US;q=0.5,en;q=0.3', 'Accept-Encoding': 'gzip, deflate, br', 'Connection': 'keep-alive', 'Upgrade-Insecure-Requests': '1', 'Sec-Fetch-Dest': 'document', 'Sec-Fetch-Mode': 'navigate', 'Sec-Fetch-Site': 'none', 'Sec-Fetch-User': '?1', 'Cache-Control': 'max-age=0'}
2025-08-09 14:53:07,143 - promobit_check - INFO - Status da resposta: 404
2025-08-09 14:53:07,143 - promobit_check - DEBUG - Headers da resposta: {'Date': 'Sat, 09 Aug 2025 17:53:07 GMT', 'Content-Type': 'text/html; charset=UTF-8', 'Transfer-Encoding': 'chunked', 'Connection': 'keep-alive', 'Keep-Alive': 'timeout=15', 'Expires': 'Thu, 19 Nov 1981 08:52:00 GMT', 'Pragma': 'no-cache', 'X-GoCache-CacheStatus': 'MISS', 'Server': 'gocache', 'X-Content-Type-Options': 'nosniff', 'Strict-Transport-Security': 'max-age=63072000; includeSubDomains; preload', 'X-XSS-Protection': '1; mode=block', 'Content-Encoding': 'br'}
2025-08-09 14:53:07,143 - promobit_check - ERROR - Erro ao buscar a página: 404, message='Not Found', url='https://www.promobit.com.br/ofertas/1/?categoria=informatica'
Traceback (most recent call last):
  File "C:\Users\Eduardo Vitorino\CascadeProjects\windsurf-project\check_promobit.py", line 51, in fetch_page
    response.raise_for_status()
    ~~~~~~~~~~~~~~~~~~~~~~~~~^^
  File "C:\Users\Eduardo Vitorino\AppData\Roaming\Python\Python313\site-packages\aiohttp\client_reqrep.py", line 629, in raise_for_status
    raise ClientResponseError(
    ...<5 lines>...
    )
aiohttp.client_exceptions.ClientResponseError: 404, message='Not Found', url='https://www.promobit.com.br/ofertas/1/?categoria=informatica'
2025-08-09 14:53:07,145 - promobit_check - WARNING - Não foi possível obter a página de categoria
2025-08-09 14:53:07,146 - promobit_check - INFO - === Verificação concluída com sucesso ===
