2025-08-09 15:03:17,243 - promobit_selenium - INFO - === Iniciando verificação do site Promobit com Selenium ===
2025-08-09 15:03:17,243 - promobit_selenium - INFO - Iniciando o navegador Chrome...
2025-08-09 15:03:17,244 - WDM - INFO - ====== WebDriver manager ======
2025-08-09 15:03:18,335 - WDM - INFO - Get LATEST chromedriver version for google-chrome
2025-08-09 15:03:18,368 - WDM - INFO - Get LATEST chromedriver version for google-chrome
2025-08-09 15:03:18,396 - WDM - INFO - Driver [C:\Users\Eduardo Vitorino\.wdm\drivers\chromedriver\win64\138.0.7204.183\chromedriver-win32/chromedriver.exe] found in cache
2025-08-09 15:03:19,540 - promobit_selenium - INFO - 
=== Verificando acesso à página inicial ===
2025-08-09 15:03:22,003 - promobit_selenium - INFO - URL atual: https://www.promobit.com.br/
2025-08-09 15:03:27,027 - promobit_selenium - INFO - Código-fonte da página salvo em 'promobit_home_selenium.html'
2025-08-09 15:03:27,159 - promobit_selenium - INFO - Screenshot da página inicial salvo em 'promobit_home_screenshot.png'
2025-08-09 15:03:27,160 - promobit_selenium - INFO - 
Analisando elementos em: Página inicial
2025-08-09 15:03:27,164 - promobit_selenium - INFO - Título da página: As Melhores Ofertas | Promoções e Cupons é no Promobit
2025-08-09 15:05:07,451 - promobit_selenium - INFO - 
Verificando seletores de ofertas...
2025-08-09 15:11:17,544 - urllib3.connectionpool - WARNING - Retrying (Retry(total=2, connect=None, read=None, redirect=None, status=None)) after connection broken by 'NewConnectionError('<urllib3.connection.HTTPConnection object at 0x000001ECFAEECB90>: Failed to establish a new connection: [WinError 10061] Nenhuma conexão pôde ser feita porque a máquina de destino as recusou ativamente')': /session/da70de0405d507b8f71ac54ebf48372f
2025-08-09 15:11:21,631 - urllib3.connectionpool - WARNING - Retrying (Retry(total=1, connect=None, read=None, redirect=None, status=None)) after connection broken by 'NewConnectionError('<urllib3.connection.HTTPConnection object at 0x000001ECFAEEC2D0>: Failed to establish a new connection: [WinError 10061] Nenhuma conexão pôde ser feita porque a máquina de destino as recusou ativamente')': /session/da70de0405d507b8f71ac54ebf48372f
2025-08-09 15:11:25,703 - urllib3.connectionpool - WARNING - Retrying (Retry(total=0, connect=None, read=None, redirect=None, status=None)) after connection broken by 'NewConnectionError('<urllib3.connection.HTTPConnection object at 0x000001ECFAF58510>: Failed to establish a new connection: [WinError 10061] Nenhuma conexão pôde ser feita porque a máquina de destino as recusou ativamente')': /session/da70de0405d507b8f71ac54ebf48372f
2025-08-09 15:11:29,786 - promobit_selenium - INFO - Navegador fechado
