2025-08-09 14:56:00,696 - promobit_check_requests - INFO - === Iniciando verificação do site Promobit ===
2025-08-09 14:56:00,696 - promobit_check_requests - INFO - 
=== Verificando acesso à página inicial ===
2025-08-09 14:56:00,697 - promobit_check_requests - INFO - 
Fazendo requisição para: https://www.promobit.com.br
2025-08-09 14:56:00,697 - promobit_check_requests - DEBUG - Headers: {
  "User-Agent": "Mozilla/5.0 (Windows NT 10.0; Win64; x64) AppleWebKit/537.36 (KHTML, like Gecko) Chrome/91.0.4472.124 Safari/537.36",
  "Accept": "text/html,application/xhtml+xml,application/xml;q=0.9,image/webp,*/*;q=0.8",
  "Accept-Language": "pt-BR,pt;q=0.8,en-US;q=0.5,en;q=0.3",
  "Accept-Encoding": "gzip, deflate, br",
  "Connection": "keep-alive",
  "Upgrade-Insecure-Requests": "1",
  "Sec-Fetch-Dest": "document",
  "Sec-Fetch-Mode": "navigate",
  "Sec-Fetch-Site": "none",
  "Sec-Fetch-User": "?1",
  "Cache-Control": "max-age=0"
}
2025-08-09 14:56:00,700 - urllib3.connectionpool - DEBUG - Starting new HTTPS connection (1): www.promobit.com.br:443
2025-08-09 14:56:01,869 - urllib3.connectionpool - DEBUG - https://www.promobit.com.br:443 "GET / HTTP/1.1" 200 None
2025-08-09 14:56:01,874 - promobit_check_requests - INFO - Status da resposta: 200
2025-08-09 14:56:01,874 - promobit_check_requests - DEBUG - Headers da resposta: {
  "Date": "Sat, 09 Aug 2025 17:56:02 GMT",
  "Content-Type": "text/html; charset=utf-8",
  "Transfer-Encoding": "chunked",
  "Connection": "keep-alive",
  "Keep-Alive": "timeout=15",
  "Set-Cookie": "__goc_session__=lmbnsmqfobuimliiashlgvtoysbooxvg; expires=Sat, 16-Aug-25 17:56:01 GMT; SameSite=Lax; path=/; secure; HttpOnly",
  "X-Powered-By": "Next.js",
  "ETag": "W/\"uotszbd40x64c5\"",
  "X-Cache": "Miss from cloudfront",
  "Via": "1.1 f6c8c478dd3608f0282e91b3bacfece4.cloudfront.net (CloudFront)",
  "X-Amz-Cf-Pop": "GRU3-P12",
  "Alt-Svc": "h3=\":443\"; ma=86400",
  "X-Amz-Cf-Id": "2ULR4kIUuPptoVkKf6zevciZeAjfQ0ST83-7IiMQwXxSbV-J_QGw9Q==",
  "X-GoCache-CacheStatus": "EXPIRED",
  "Server": "gocache",
  "X-Content-Type-Options": "nosniff",
  "Strict-Transport-Security": "max-age=63072000; includeSubDomains; preload",
  "X-XSS-Protection": "1; mode=block",
  "Content-Encoding": "br"
}
2025-08-09 14:56:01,874 - promobit_check_requests - INFO - Tamanho do conteúdo: 286106 bytes
2025-08-09 14:56:01,874 - promobit_check_requests - INFO - Tipo de conteúdo: text/html; charset=utf-8
2025-08-09 14:56:01,877 - promobit_check_requests - INFO - Resposta salva em 'response_1754762161.html'
2025-08-09 14:56:01,934 - promobit_check_requests - INFO - 
Analisando elementos em: Página inicial
2025-08-09 14:56:01,934 - promobit_check_requests - INFO - Título da página: As Melhores Ofertas | Promoções e Cupons é no Promobit
2025-08-09 14:56:01,944 - promobit_check_requests - INFO - 
Verificando seletores de ofertas...
2025-08-09 14:56:02,552 - promobit_check_requests - WARNING - Nenhum dos seletores de oferta retornou resultados
2025-08-09 14:56:02,553 - promobit_check_requests - INFO - 
Nenhum script de terceiros encontrado
2025-08-09 14:56:04,554 - promobit_check_requests - INFO - 
=== Verificando acesso à categoria de informática ===
2025-08-09 14:56:04,554 - promobit_check_requests - INFO - 
Fazendo requisição para: https://www.promobit.com.br/ofertas/1?categoria=informatica
2025-08-09 14:56:04,554 - promobit_check_requests - DEBUG - Headers: {
  "User-Agent": "Mozilla/5.0 (Windows NT 10.0; Win64; x64) AppleWebKit/537.36 (KHTML, like Gecko) Chrome/91.0.4472.124 Safari/537.36",
  "Accept": "text/html,application/xhtml+xml,application/xml;q=0.9,image/webp,*/*;q=0.8",
  "Accept-Language": "pt-BR,pt;q=0.8,en-US;q=0.5,en;q=0.3",
  "Accept-Encoding": "gzip, deflate, br",
  "Connection": "keep-alive",
  "Upgrade-Insecure-Requests": "1",
  "Sec-Fetch-Dest": "document",
  "Sec-Fetch-Mode": "navigate",
  "Sec-Fetch-Site": "none",
  "Sec-Fetch-User": "?1",
  "Cache-Control": "max-age=0"
}
2025-08-09 14:56:04,555 - urllib3.connectionpool - DEBUG - Starting new HTTPS connection (1): www.promobit.com.br:443
2025-08-09 14:56:04,622 - urllib3.connectionpool - DEBUG - https://www.promobit.com.br:443 "GET /ofertas/1?categoria=informatica HTTP/1.1" 301 0
2025-08-09 14:56:04,710 - urllib3.connectionpool - DEBUG - https://www.promobit.com.br:443 "GET /ofertas/1/?categoria=informatica HTTP/1.1" 404 None
2025-08-09 14:56:04,710 - promobit_check_requests - INFO - Status da resposta: 404
2025-08-09 14:56:04,711 - promobit_check_requests - DEBUG - Headers da resposta: {
  "Date": "Sat, 09 Aug 2025 17:56:05 GMT",
  "Content-Type": "text/html; charset=UTF-8",
  "Transfer-Encoding": "chunked",
  "Connection": "keep-alive",
  "Keep-Alive": "timeout=15",
  "Expires": "Thu, 19 Nov 1981 08:52:00 GMT",
  "Pragma": "no-cache",
  "X-GoCache-CacheStatus": "MISS",
  "Server": "gocache",
  "Strict-Transport-Security": "max-age=63072000; includeSubDomains; preload",
  "X-XSS-Protection": "1; mode=block",
  "X-Content-Type-Options": "nosniff",
  "Content-Encoding": "br"
}
2025-08-09 14:56:04,711 - promobit_check_requests - ERROR - Erro ao buscar a página: 404 Client Error: Not Found for url: https://www.promobit.com.br/ofertas/1/?categoria=informatica
Traceback (most recent call last):
  File "C:\Users\Eduardo Vitorino\CascadeProjects\windsurf-project\check_promobit_requests.py", line 62, in fetch_page
    response.raise_for_status()
    ~~~~~~~~~~~~~~~~~~~~~~~~~^^
  File "C:\Users\Eduardo Vitorino\AppData\Roaming\Python\Python313\site-packages\requests\models.py", line 1026, in raise_for_status
    raise HTTPError(http_error_msg, response=self)
requests.exceptions.HTTPError: 404 Client Error: Not Found for url: https://www.promobit.com.br/ofertas/1/?categoria=informatica
2025-08-09 14:56:04,733 - promobit_check_requests - INFO - 
=== Verificação concluída com sucesso ===
