2025-08-09 18:42:29 - amazon_paapi - ERROR - Erro ao importar biblioteca PA-API: No module named 'paapi5_python_sdk'
2025-08-09 18:42:29 - amazon_paapi - ERROR - Instale com: pip install python-amazon-paapi
2025-08-09 18:42:29 - amazon_paapi - ERROR - A funcionalidade de busca automática da Amazon estará desativada.
2025-08-09 18:42:29 - amazon_paapi - INFO - Todas as credenciais necessárias da Amazon foram configuradas.
2025-08-09 18:44:22 - amazon_paapi - ERROR - Erro ao importar biblioteca PA-API: No module named 'paapi5_python_sdk'
2025-08-09 18:44:22 - amazon_paapi - ERROR - Instale com: pip install python-amazon-paapi
2025-08-09 18:44:22 - amazon_paapi - ERROR - A funcionalidade de busca automática da Amazon estará desativada.
2025-08-09 18:44:22 - amazon_paapi - INFO - Todas as credenciais necessárias da Amazon foram configuradas.
2025-08-09 18:44:49 - amazon_paapi - ERROR - Erro ao importar biblioteca PA-API: No module named 'paapi5_python_sdk'
2025-08-09 18:44:49 - amazon_paapi - ERROR - Instale com: pip install python-amazon-paapi
2025-08-09 18:44:49 - amazon_paapi - ERROR - A funcionalidade de busca automática da Amazon estará desativada.
2025-08-09 18:44:49 - amazon_paapi - INFO - Todas as credenciais necessárias da Amazon foram configuradas.
2025-08-09 18:45:47 - amazon_paapi - ERROR - Erro ao importar biblioteca PA-API: No module named 'paapi5_python_sdk'
2025-08-09 18:45:47 - amazon_paapi - ERROR - Instale com: pip install python-amazon-paapi
2025-08-09 18:45:47 - amazon_paapi - ERROR - A funcionalidade de busca automática da Amazon estará desativada.
2025-08-09 18:45:47 - amazon_paapi - INFO - Todas as credenciais necessárias da Amazon foram configuradas.
2025-08-09 18:46:41 - amazon_paapi - ERROR - Erro ao importar biblioteca PA-API: No module named 'paapi5_python_sdk'
2025-08-09 18:46:41 - amazon_paapi - ERROR - Instale com: pip install python-amazon-paapi
2025-08-09 18:46:41 - amazon_paapi - ERROR - A funcionalidade de busca automática da Amazon estará desativada.
2025-08-09 18:46:41 - amazon_paapi - INFO - Todas as credenciais necessárias da Amazon foram configuradas.
2025-08-09 18:47:59 - amazon_paapi - ERROR - Erro ao importar biblioteca PA-API: No module named 'paapi5_python_sdk'
2025-08-09 18:47:59 - amazon_paapi - ERROR - Instale com: pip install python-amazon-paapi
2025-08-09 18:47:59 - amazon_paapi - ERROR - A funcionalidade de busca automática da Amazon estará desativada.
2025-08-09 18:47:59 - amazon_paapi - INFO - Todas as credenciais necessárias da Amazon foram configuradas.
2025-08-09 18:49:33 - amazon_paapi - ERROR - Erro ao importar biblioteca PA-API: No module named 'paapi5_python_sdk'
2025-08-09 18:49:33 - amazon_paapi - ERROR - Instale com: pip install python-amazon-paapi
2025-08-09 18:49:33 - amazon_paapi - ERROR - A funcionalidade de busca automática da Amazon estará desativada.
2025-08-09 18:49:33 - amazon_paapi - INFO - Todas as credenciais necessárias da Amazon foram configuradas.
2025-08-09 18:50:21 - amazon_paapi - ERROR - Erro ao importar biblioteca PA-API: No module named 'paapi5_python_sdk'
2025-08-09 18:50:21 - amazon_paapi - ERROR - Instale com: pip install python-amazon-paapi
2025-08-09 18:50:21 - amazon_paapi - ERROR - A funcionalidade de busca automática da Amazon estará desativada.
2025-08-09 18:50:21 - amazon_paapi - INFO - Todas as credenciais necessárias da Amazon foram configuradas.
2025-08-09 18:50:45 - amazon_paapi - ERROR - Erro ao importar biblioteca PA-API: No module named 'paapi5_python_sdk'
2025-08-09 18:50:45 - amazon_paapi - ERROR - Instale com: pip install python-amazon-paapi
2025-08-09 18:50:45 - amazon_paapi - ERROR - A funcionalidade de busca automática da Amazon estará desativada.
2025-08-09 18:50:45 - amazon_paapi - INFO - Todas as credenciais necessárias da Amazon foram configuradas.
2025-08-09 18:51:11 - amazon_paapi - ERROR - Erro ao importar biblioteca PA-API: No module named 'paapi5_python_sdk'
2025-08-09 18:51:11 - amazon_paapi - ERROR - Instale com: pip install python-amazon-paapi
2025-08-09 18:51:11 - amazon_paapi - ERROR - A funcionalidade de busca automática da Amazon estará desativada.
2025-08-09 18:51:11 - amazon_paapi - INFO - Todas as credenciais necessárias da Amazon foram configuradas.
2025-08-09 18:51:54 - amazon_paapi - ERROR - Erro ao importar biblioteca PA-API: No module named 'paapi5_python_sdk'
2025-08-09 18:51:54 - amazon_paapi - ERROR - Instale com: pip install python-amazon-paapi
2025-08-09 18:51:54 - amazon_paapi - ERROR - A funcionalidade de busca automática da Amazon estará desativada.
2025-08-09 18:51:54 - amazon_paapi - INFO - Todas as credenciais necessárias da Amazon foram configuradas.
2025-08-09 19:07:05 - amazon_paapi - ERROR - Erro ao importar biblioteca PA-API: No module named 'paapi5_python_sdk'
2025-08-09 19:07:05 - amazon_paapi - ERROR - Instale com: pip install python-amazon-paapi
2025-08-09 19:07:05 - amazon_paapi - ERROR - A funcionalidade de busca automática da Amazon estará desativada.
2025-08-09 19:07:05 - amazon_paapi - INFO - Todas as credenciais necessárias da Amazon foram configuradas.
2025-08-09 19:08:27 - amazon_paapi - ERROR - Erro ao importar biblioteca PA-API: No module named 'paapi5_python_sdk'
2025-08-09 19:08:27 - amazon_paapi - ERROR - Instale com: pip install python-amazon-paapi
2025-08-09 19:08:27 - amazon_paapi - ERROR - A funcionalidade de busca automática da Amazon estará desativada.
2025-08-09 19:08:27 - amazon_paapi - INFO - Todas as credenciais necessárias da Amazon foram configuradas.
2025-08-09 19:16:16 - amazon_paapi - ERROR - Erro ao importar biblioteca PA-API: No module named 'paapi5_python_sdk'
2025-08-09 19:16:16 - amazon_paapi - ERROR - Instale com: pip install python-amazon-paapi
2025-08-09 19:16:16 - amazon_paapi - ERROR - A funcionalidade de busca automática da Amazon estará desativada.
2025-08-09 19:16:16 - amazon_paapi - INFO - Todas as credenciais necessárias da Amazon foram configuradas.
2025-08-09 19:16:28 - amazon_paapi - WARNING - PA-API não está disponível. Verifique as dependências.
2025-08-09 19:16:28 - amazon_paapi - WARNING - PA-API não está disponível. Verifique as dependências.
2025-08-09 19:16:28 - amazon_paapi - ERROR - Não foi possível criar o cliente da API da Amazon.
2025-08-09 19:16:28 - amazon_paapi - ERROR - Não foi possível criar o cliente da API da Amazon.
2025-08-09 19:26:46 - amazon_paapi - ERROR - Erro ao importar biblioteca PA-API: No module named 'paapi5_python_sdk'
2025-08-09 19:26:46 - amazon_paapi - ERROR - Instale com: pip install python-amazon-paapi
2025-08-09 19:26:46 - amazon_paapi - ERROR - A funcionalidade de busca automática da Amazon estará desativada.
2025-08-09 19:26:46 - amazon_paapi - INFO - Todas as credenciais necessárias da Amazon foram configuradas.
2025-08-09 19:26:57 - amazon_paapi - WARNING - PA-API não está disponível. Verifique as dependências.
2025-08-09 19:26:57 - amazon_paapi - WARNING - PA-API não está disponível. Verifique as dependências.
2025-08-09 19:26:57 - amazon_paapi - ERROR - Não foi possível criar o cliente da API da Amazon.
2025-08-09 19:26:57 - amazon_paapi - ERROR - Não foi possível criar o cliente da API da Amazon.
2025-08-09 19:28:50 - amazon_paapi - ERROR - Erro ao importar biblioteca PA-API: No module named 'paapi5_python_sdk'
2025-08-09 19:28:50 - amazon_paapi - ERROR - Instale com: pip install python-amazon-paapi
2025-08-09 19:28:50 - amazon_paapi - ERROR - A funcionalidade de busca automática da Amazon estará desativada.
2025-08-09 19:28:50 - amazon_paapi - INFO - Todas as credenciais necessárias da Amazon foram configuradas.
2025-08-09 19:31:16 - amazon_paapi - ERROR - Erro ao importar biblioteca PA-API: No module named 'paapi5_python_sdk'
2025-08-09 19:31:16 - amazon_paapi - ERROR - Instale com: pip install python-amazon-paapi
2025-08-09 19:31:16 - amazon_paapi - ERROR - A funcionalidade de busca automática da Amazon estará desativada.
2025-08-09 19:31:16 - amazon_paapi - INFO - Todas as credenciais necessárias da Amazon foram configuradas.
2025-08-09 19:31:28 - amazon_paapi - WARNING - PA-API não está disponível. Verifique as dependências.
2025-08-09 19:31:28 - amazon_paapi - WARNING - PA-API não está disponível. Verifique as dependências.
2025-08-09 19:31:28 - amazon_paapi - ERROR - Não foi possível criar o cliente da API da Amazon.
2025-08-09 19:31:28 - amazon_paapi - ERROR - Não foi possível criar o cliente da API da Amazon.
2025-08-09 19:36:01 - amazon_paapi - ERROR - Erro ao importar biblioteca PA-API: No module named 'paapi5_python_sdk'
2025-08-09 19:36:01 - amazon_paapi - ERROR - Instale com: pip install python-amazon-paapi
2025-08-09 19:36:01 - amazon_paapi - ERROR - A funcionalidade de busca automática da Amazon estará desativada.
2025-08-09 19:36:01 - amazon_paapi - INFO - Todas as credenciais necessárias da Amazon foram configuradas.
2025-08-09 19:36:13 - amazon_paapi - WARNING - PA-API não está disponível. Verifique as dependências.
2025-08-09 19:36:13 - amazon_paapi - WARNING - PA-API não está disponível. Verifique as dependências.
2025-08-09 19:36:13 - amazon_paapi - ERROR - Não foi possível criar o cliente da API da Amazon.
2025-08-09 19:36:13 - amazon_paapi - ERROR - Não foi possível criar o cliente da API da Amazon.
2025-08-09 19:38:39 - amazon_paapi - ERROR - Erro ao importar biblioteca PA-API: No module named 'paapi5_python_sdk'
2025-08-09 19:38:39 - amazon_paapi - ERROR - Instale com: pip install python-amazon-paapi
2025-08-09 19:38:39 - amazon_paapi - ERROR - A funcionalidade de busca automática da Amazon estará desativada.
2025-08-09 19:38:39 - amazon_paapi - INFO - Todas as credenciais necessárias da Amazon foram configuradas.
2025-08-09 19:38:51 - amazon_paapi - WARNING - PA-API não está disponível. Verifique as dependências.
2025-08-09 19:38:51 - amazon_paapi - WARNING - PA-API não está disponível. Verifique as dependências.
2025-08-09 19:38:51 - amazon_paapi - ERROR - Não foi possível criar o cliente da API da Amazon.
2025-08-09 19:38:51 - amazon_paapi - ERROR - Não foi possível criar o cliente da API da Amazon.
2025-08-09 19:39:57 - amazon_paapi - ERROR - Erro ao importar biblioteca PA-API: No module named 'paapi5_python_sdk'
2025-08-09 19:39:57 - amazon_paapi - ERROR - Instale com: pip install python-amazon-paapi
2025-08-09 19:39:57 - amazon_paapi - ERROR - A funcionalidade de busca automática da Amazon estará desativada.
2025-08-09 19:39:57 - amazon_paapi - INFO - Todas as credenciais necessárias da Amazon foram configuradas.
2025-08-09 19:41:09 - amazon_paapi - ERROR - Erro ao importar biblioteca PA-API: No module named 'paapi5_python_sdk'
2025-08-09 19:41:09 - amazon_paapi - ERROR - Instale com: pip install python-amazon-paapi
2025-08-09 19:41:09 - amazon_paapi - ERROR - A funcionalidade de busca automática da Amazon estará desativada.
2025-08-09 19:41:09 - amazon_paapi - INFO - Todas as credenciais necessárias da Amazon foram configuradas.
2025-08-09 19:42:42 - amazon_paapi - ERROR - Erro ao importar biblioteca PA-API: No module named 'paapi5_python_sdk'
2025-08-09 19:42:42 - amazon_paapi - ERROR - Instale com: pip install python-amazon-paapi
2025-08-09 19:42:42 - amazon_paapi - ERROR - A funcionalidade de busca automática da Amazon estará desativada.
2025-08-09 19:42:42 - amazon_paapi - INFO - Todas as credenciais necessárias da Amazon foram configuradas.
2025-08-09 19:44:29 - amazon_paapi - ERROR - Erro ao importar biblioteca PA-API: No module named 'paapi5_python_sdk'
2025-08-09 19:44:29 - amazon_paapi - ERROR - Instale com: pip install python-amazon-paapi
2025-08-09 19:44:29 - amazon_paapi - ERROR - A funcionalidade de busca automática da Amazon estará desativada.
2025-08-09 19:44:29 - amazon_paapi - INFO - Todas as credenciais necessárias da Amazon foram configuradas.
2025-08-09 19:45:53 - amazon_paapi - ERROR - Erro ao importar biblioteca PA-API: No module named 'paapi5_python_sdk'
2025-08-09 19:45:53 - amazon_paapi - ERROR - Instale com: pip install python-amazon-paapi
2025-08-09 19:45:53 - amazon_paapi - ERROR - A funcionalidade de busca automática da Amazon estará desativada.
2025-08-09 19:45:53 - amazon_paapi - INFO - Todas as credenciais necessárias da Amazon foram configuradas.
2025-08-09 19:47:22 - amazon_paapi - ERROR - Erro ao importar biblioteca PA-API: No module named 'paapi5_python_sdk'
2025-08-09 19:47:22 - amazon_paapi - ERROR - Instale com: pip install python-amazon-paapi
2025-08-09 19:47:22 - amazon_paapi - ERROR - A funcionalidade de busca automática da Amazon estará desativada.
2025-08-09 19:47:22 - amazon_paapi - INFO - Todas as credenciais necessárias da Amazon foram configuradas.
2025-08-09 19:47:34 - amazon_paapi - WARNING - PA-API não está disponível. Verifique as dependências.
2025-08-09 19:47:34 - amazon_paapi - WARNING - PA-API não está disponível. Verifique as dependências.
2025-08-09 19:47:34 - amazon_paapi - ERROR - Não foi possível criar o cliente da API da Amazon.
2025-08-09 19:47:34 - amazon_paapi - ERROR - Não foi possível criar o cliente da API da Amazon.
